2022-10-05 17:43:06,597 INFO     Camera Started
2022-10-05 17:43:09,848 INFO     Eyes Open. State: {'open': 1, 'lr': 0, 'left_eye_center': {'x': 496,
                                 'y': 319}}
2022-10-05 17:43:09,865 INFO     Eyes Open. State: {'open': 1, 'lr': 0, 'left_eye_center': {'x': 496,
                                 'y': 319}}
2022-10-05 17:43:10,007 INFO     Eyes Open. State: {'open': 1, 'lr': 0, 'left_eye_center': {'x': 496,
                                 'y': 315}}
2022-10-05 17:43:10,009 INFO     Eyes Open. State: {'open': 1, 'lr': 0, 'left_eye_center': {'x': 496,
                                 'y': 315}}
2022-10-05 17:43:10,084 INFO     Eyes Open. State: {'open': 1, 'lr': 0, 'left_eye_center': {'x': 487,
                                 'y': 316}}
2022-10-05 17:43:10,088 INFO     Eyes Open. State: {'open': 1, 'lr': 0, 'left_eye_center': {'x': 487,
                                 'y': 316}}
2022-10-05 17:43:10,153 INFO     Eyes Open. State: {'open': 1, 'lr': 0, 'left_eye_center': {'x': 484,
                                 'y': 314}}
2022-10-05 17:43:10,159 INFO     Eyes Open. State: {'open': 1, 'lr': 0, 'left_eye_center': {'x': 484,
                                 'y': 314}}
2022-10-05 17:43:10,228 INFO     Eyes Open. State: {'open': 1, 'lr': 0, 'left_eye_center': {'x': 476,
                                 'y': 317}}
2022-10-05 17:43:10,230 INFO     Eyes Open. State: {'open': 1, 'lr': 0, 'left_eye_center': {'x': 476,
                                 'y': 317}}
2022-10-05 17:43:10,303 INFO     Eyes Open. State: {'open': 1, 'lr': 0, 'left_eye_center': {'x': 474,
                                 'y': 317}}
2022-10-05 17:43:10,304 INFO     Eyes Open. State: {'open': 1, 'lr': 0, 'left_eye_center': {'x': 474,
                                 'y': 317}}
2022-10-05 17:43:10,366 INFO     Eyes Open. State: {'open': 1, 'lr': 0, 'left_eye_center': {'x': 472,
                                 'y': 318}}
2022-10-05 17:43:10,367 INFO     Eyes Open. State: {'open': 1, 'lr': 0, 'left_eye_center': {'x': 472,
                                 'y': 318}}
2022-10-05 17:43:10,436 INFO     Eyes Open. State: {'open': 1, 'lr': 0, 'left_eye_center': {'x': 464,
                                 'y': 323}}
2022-10-05 17:43:10,437 INFO     Eyes Open. State: {'open': 1, 'lr': 0, 'left_eye_center': {'x': 464,
                                 'y': 323}}
2022-10-05 17:43:10,498 INFO     Eyes Open. State: {'open': 1, 'lr': 0, 'left_eye_center': {'x': 464,
                                 'y': 323}}
2022-10-05 17:43:10,499 INFO     Eyes Open. State: {'open': 1, 'lr': 0, 'left_eye_center': {'x': 464,
                                 'y': 323}}
2022-10-05 17:43:10,558 INFO     Eyes Open. State: {'open': 1, 'lr': 0, 'left_eye_center': {'x': 464,
                                 'y': 324}}
2022-10-05 17:43:10,561 INFO     Eyes Open. State: {'open': 1, 'lr': 0, 'left_eye_center': {'x': 464,
                                 'y': 324}}
2022-10-05 17:43:10,620 INFO     Eyes Open. State: {'open': 1, 'lr': 0, 'left_eye_center': {'x': 469,
                                 'y': 325}}
2022-10-05 17:43:10,622 INFO     Eyes Open. State: {'open': 1, 'lr': 0, 'left_eye_center': {'x': 469,
                                 'y': 325}}
2022-10-05 17:43:10,685 INFO     Eyes Open. State: {'open': 1, 'lr': 0, 'left_eye_center': {'x': 469,
                                 'y': 326}}
2022-10-05 17:43:10,687 INFO     Eyes Open. State: {'open': 1, 'lr': 0, 'left_eye_center': {'x': 469,
                                 'y': 326}}
2022-10-05 17:43:10,754 INFO     Eyes Open. State: {'open': 1, 'lr': 0, 'left_eye_center': {'x': 469,
                                 'y': 328}}
2022-10-05 17:43:10,755 INFO     Eyes Open. State: {'open': 1, 'lr': 0, 'left_eye_center': {'x': 469,
                                 'y': 328}}
2022-10-05 17:43:10,824 INFO     Eyes Open. State: {'open': 1, 'lr': 0, 'left_eye_center': {'x': 469,
                                 'y': 329}}
2022-10-05 17:43:10,825 INFO     Eyes Open. State: {'open': 1, 'lr': 0, 'left_eye_center': {'x': 469,
                                 'y': 329}}
2022-10-05 17:43:10,887 INFO     Eyes Open. State: {'open': 1, 'lr': 0, 'left_eye_center': {'x': 469,
                                 'y': 330}}
2022-10-05 17:43:10,888 INFO     Eyes Open. State: {'open': 1, 'lr': 0, 'left_eye_center': {'x': 469,
                                 'y': 330}}
2022-10-05 17:43:10,954 INFO     Eyes Open. State: {'open': 1, 'lr': 0, 'left_eye_center': {'x': 470,
                                 'y': 331}}
2022-10-05 17:43:10,960 INFO     Eyes Open. State: {'open': 1, 'lr': 0, 'left_eye_center': {'x': 470,
                                 'y': 331}}
2022-10-05 17:43:11,026 INFO     Eyes Open. State: {'open': 1, 'lr': 0, 'left_eye_center': {'x': 472,
                                 'y': 331}}
2022-10-05 17:43:11,027 INFO     Eyes Open. State: {'open': 1, 'lr': 0, 'left_eye_center': {'x': 472,
                                 'y': 331}}
2022-10-05 17:43:11,098 INFO     Eyes Open. State: {'open': 1, 'lr': 0, 'left_eye_center': {'x': 472,
                                 'y': 330}}
2022-10-05 17:43:11,099 INFO     Eyes Open. State: {'open': 1, 'lr': 0, 'left_eye_center': {'x': 472,
                                 'y': 330}}
2022-10-05 17:43:11,160 INFO     Eyes Open. State: {'open': 1, 'lr': 0, 'left_eye_center': {'x': 471,
                                 'y': 329}}
2022-10-05 17:43:11,161 INFO     Eyes Open. State: {'open': 1, 'lr': 0, 'left_eye_center': {'x': 471,
                                 'y': 329}}
2022-10-05 17:43:11,227 INFO     Eyes Open. State: {'open': 1, 'lr': 0, 'left_eye_center': {'x': 470,
                                 'y': 331}}
2022-10-05 17:43:11,229 INFO     Eyes Open. State: {'open': 1, 'lr': 0, 'left_eye_center': {'x': 470,
                                 'y': 331}}
2022-10-05 17:43:11,289 INFO     Eyes Open. State: {'open': 1, 'lr': 0, 'left_eye_center': {'x': 471,
                                 'y': 330}}
2022-10-05 17:43:11,290 INFO     Eyes Open. State: {'open': 1, 'lr': 0, 'left_eye_center': {'x': 471,
                                 'y': 330}}
2022-10-05 17:43:11,348 INFO     Eyes Open. State: {'open': 1, 'lr': 0, 'left_eye_center': {'x': 470,
                                 'y': 330}}
2022-10-05 17:43:11,352 INFO     Eyes Open. State: {'open': 1, 'lr': 0, 'left_eye_center': {'x': 470,
                                 'y': 330}}
2022-10-05 17:43:11,411 INFO     Eyes Open. State: {'open': 1, 'lr': 0, 'left_eye_center': {'x': 470,
                                 'y': 329}}
2022-10-05 17:43:11,411 INFO     Eyes Open. State: {'open': 1, 'lr': 0, 'left_eye_center': {'x': 470,
                                 'y': 329}}
2022-10-05 17:43:11,476 INFO     Eyes Open. State: {'open': 1, 'lr': 0, 'left_eye_center': {'x': 475,
                                 'y': 328}}
2022-10-05 17:43:11,479 INFO     Eyes Open. State: {'open': 1, 'lr': 0, 'left_eye_center': {'x': 475,
                                 'y': 328}}
2022-10-05 17:43:11,544 INFO     Eyes Open. State: {'open': 1, 'lr': 0, 'left_eye_center': {'x': 477,
                                 'y': 327}}
2022-10-05 17:43:11,547 INFO     Eyes Open. State: {'open': 1, 'lr': 0, 'left_eye_center': {'x': 477,
                                 'y': 327}}
2022-10-05 17:43:11,618 INFO     Eyes Open. State: {'open': 1, 'lr': 0, 'left_eye_center': {'x': 478,
                                 'y': 327}}
2022-10-05 17:43:11,619 INFO     Eyes Open. State: {'open': 1, 'lr': 0, 'left_eye_center': {'x': 478,
                                 'y': 327}}
2022-10-05 17:43:11,687 INFO     Eyes Open. State: {'open': 1, 'lr': 0, 'left_eye_center': {'x': 485,
                                 'y': 325}}
2022-10-05 17:43:11,687 INFO     Eyes Open. State: {'open': 1, 'lr': 0, 'left_eye_center': {'x': 485,
                                 'y': 325}}
2022-10-05 17:43:11,750 INFO     Eyes Open. State: {'open': 1, 'lr': 0, 'left_eye_center': {'x': 486,
                                 'y': 326}}
2022-10-05 17:43:11,751 INFO     Eyes Open. State: {'open': 1, 'lr': 0, 'left_eye_center': {'x': 486,
                                 'y': 326}}
2022-10-05 17:43:11,814 INFO     Eyes Open. State: {'open': 1, 'lr': 0, 'left_eye_center': {'x': 486,
                                 'y': 325}}
2022-10-05 17:43:11,815 INFO     Eyes Open. State: {'open': 1, 'lr': 0, 'left_eye_center': {'x': 486,
                                 'y': 325}}
2022-10-05 17:43:11,871 INFO     Eyes Open. State: {'open': 1, 'lr': 0, 'left_eye_center': {'x': 487,
                                 'y': 325}}
2022-10-05 17:43:11,874 INFO     Eyes Open. State: {'open': 1, 'lr': 0, 'left_eye_center': {'x': 487,
                                 'y': 325}}
2022-10-05 17:43:11,934 INFO     Eyes Open. State: {'open': 1, 'lr': 0, 'left_eye_center': {'x': 487,
                                 'y': 325}}
2022-10-05 17:43:11,934 INFO     Eyes Open. State: {'open': 1, 'lr': 0, 'left_eye_center': {'x': 487,
                                 'y': 325}}
2022-10-05 17:43:11,997 INFO     Eyes Open. State: {'open': 1, 'lr': 0, 'left_eye_center': {'x': 487,
                                 'y': 324}}
2022-10-05 17:43:11,999 INFO     Eyes Open. State: {'open': 1, 'lr': 0, 'left_eye_center': {'x': 487,
                                 'y': 324}}
2022-10-05 17:43:12,085 INFO     Eyes Open. State: {'open': 1, 'lr': 0, 'left_eye_center': {'x': 487,
                                 'y': 323}}
2022-10-05 17:43:12,088 INFO     Eyes Open. State: {'open': 1, 'lr': 0, 'left_eye_center': {'x': 487,
                                 'y': 323}}
2022-10-05 17:43:12,140 INFO     Eyes Open. State: {'open': 1, 'lr': 0, 'left_eye_center': {'x': 487,
                                 'y': 323}}
2022-10-05 17:43:12,141 INFO     Eyes Open. State: {'open': 1, 'lr': 0, 'left_eye_center': {'x': 487,
                                 'y': 323}}
2022-10-05 17:43:12,208 INFO     Eyes Open. State: {'open': 1, 'lr': 0, 'left_eye_center': {'x': 487,
                                 'y': 323}}
2022-10-05 17:43:12,209 INFO     Eyes Open. State: {'open': 1, 'lr': 0, 'left_eye_center': {'x': 487,
                                 'y': 323}}
2022-10-05 17:43:12,269 INFO     Eyes Open. State: {'open': 1, 'lr': 0, 'left_eye_center': {'x': 487,
                                 'y': 323}}
2022-10-05 17:43:12,270 INFO     Eyes Open. State: {'open': 1, 'lr': 0, 'left_eye_center': {'x': 487,
                                 'y': 323}}
2022-10-05 17:43:12,330 INFO     Eyes Open. State: {'open': 1, 'lr': 0, 'left_eye_center': {'x': 487,
                                 'y': 323}}
2022-10-05 17:43:12,331 INFO     Eyes Open. State: {'open': 1, 'lr': 0, 'left_eye_center': {'x': 487,
                                 'y': 323}}
2022-10-05 17:43:12,389 INFO     Eyes Open. State: {'open': 1, 'lr': 0, 'left_eye_center': {'x': 487,
                                 'y': 323}}
2022-10-05 17:43:12,389 INFO     Eyes Open. State: {'open': 1, 'lr': 0, 'left_eye_center': {'x': 487,
                                 'y': 323}}
2022-10-05 17:43:12,455 INFO     Eyes Open. State: {'open': 1, 'lr': 0, 'left_eye_center': {'x': 488,
                                 'y': 320}}
2022-10-05 17:43:12,456 INFO     Eyes Open. State: {'open': 1, 'lr': 0, 'left_eye_center': {'x': 488,
                                 'y': 320}}
2022-10-05 17:43:12,515 INFO     Eyes Open. State: {'open': 1, 'lr': 0, 'left_eye_center': {'x': 488,
                                 'y': 320}}
2022-10-05 17:43:12,516 INFO     Eyes Open. State: {'open': 1, 'lr': 0, 'left_eye_center': {'x': 488,
                                 'y': 320}}
2022-10-05 17:43:12,577 INFO     Eyes Open. State: {'open': 1, 'lr': 0, 'left_eye_center': {'x': 487,
                                 'y': 322}}
2022-10-05 17:43:12,579 INFO     Eyes Open. State: {'open': 1, 'lr': 0, 'left_eye_center': {'x': 487,
                                 'y': 322}}
2022-10-05 17:43:12,650 INFO     Eyes Open. State: {'open': 1, 'lr': 0, 'left_eye_center': {'x': 487,
                                 'y': 323}}
2022-10-05 17:43:12,651 INFO     Eyes Open. State: {'open': 1, 'lr': 0, 'left_eye_center': {'x': 487,
                                 'y': 323}}
2022-10-05 17:43:12,714 INFO     Eyes Open. State: {'open': 1, 'lr': 0, 'left_eye_center': {'x': 488,
                                 'y': 323}}
2022-10-05 17:43:12,715 INFO     Eyes Open. State: {'open': 1, 'lr': 0, 'left_eye_center': {'x': 488,
                                 'y': 323}}
2022-10-05 17:43:12,768 INFO     Eyes Open. State: {'open': 1, 'lr': 0, 'left_eye_center': {'x': 488,
                                 'y': 324}}
2022-10-05 17:43:12,769 INFO     Eyes Open. State: {'open': 1, 'lr': 0, 'left_eye_center': {'x': 488,
                                 'y': 324}}
2022-10-05 17:43:12,835 INFO     Eyes Open. State: {'open': 1, 'lr': 0, 'left_eye_center': {'x': 488,
                                 'y': 323}}
2022-10-05 17:43:12,836 INFO     Eyes Open. State: {'open': 1, 'lr': 0, 'left_eye_center': {'x': 488,
                                 'y': 323}}
2022-10-05 17:43:12,893 INFO     Eyes Open. State: {'open': 1, 'lr': 0, 'left_eye_center': {'x': 488,
                                 'y': 323}}
2022-10-05 17:43:12,894 INFO     Eyes Open. State: {'open': 1, 'lr': 0, 'left_eye_center': {'x': 488,
                                 'y': 323}}
2022-10-05 17:43:12,954 INFO     Eyes Open. State: {'open': 1, 'lr': 0, 'left_eye_center': {'x': 488,
                                 'y': 323}}
2022-10-05 17:43:12,955 INFO     Eyes Open. State: {'open': 1, 'lr': 0, 'left_eye_center': {'x': 488,
                                 'y': 323}}
2022-10-05 17:43:13,025 INFO     Eyes Open. State: {'open': 1, 'lr': 0, 'left_eye_center': {'x': 488,
                                 'y': 322}}
2022-10-05 17:43:13,026 INFO     Eyes Open. State: {'open': 1, 'lr': 0, 'left_eye_center': {'x': 488,
                                 'y': 322}}
2022-10-05 17:43:13,098 INFO     Eyes Open. State: {'open': 1, 'lr': 0, 'left_eye_center': {'x': 490,
                                 'y': 322}}
2022-10-05 17:43:13,099 INFO     Eyes Open. State: {'open': 1, 'lr': 0, 'left_eye_center': {'x': 490,
                                 'y': 322}}
2022-10-05 17:43:13,165 INFO     Eyes Open. State: {'open': 1, 'lr': 0, 'left_eye_center': {'x': 497,
                                 'y': 317}}
2022-10-05 17:43:13,166 INFO     Eyes Open. State: {'open': 1, 'lr': 0, 'left_eye_center': {'x': 497,
                                 'y': 317}}
2022-10-05 17:43:13,231 INFO     Eyes Open. State: {'open': 1, 'lr': 0, 'left_eye_center': {'x': 488,
                                 'y': 323}}
2022-10-05 17:43:13,231 INFO     Eyes Open. State: {'open': 1, 'lr': 0, 'left_eye_center': {'x': 488,
                                 'y': 323}}
2022-10-05 17:43:13,295 INFO     Eyes Open. State: {'open': 1, 'lr': 0, 'left_eye_center': {'x': 486,
                                 'y': 325}}
2022-10-05 17:43:13,297 INFO     Eyes Closed. State: {'open': 0, 'lr': 0, 'left_eye_center': {'x': 486,
                                 'y': 325}}
2022-10-05 17:43:13,358 INFO     Eyes Closed. State: {'open': 0, 'lr': 0, 'left_eye_center': {'x': 486,
                                 'y': 326}}
2022-10-05 17:43:13,359 INFO     Eyes Closed. State: {'open': 0, 'lr': 0, 'left_eye_center': {'x': 486,
                                 'y': 326}}
2022-10-05 17:43:13,421 INFO     Eyes Closed. State: {'open': 0, 'lr': 0, 'left_eye_center': {'x': 487,
                                 'y': 325}}
2022-10-05 17:43:13,422 INFO     Eyes Open. State: {'open': 1, 'lr': 0, 'left_eye_center': {'x': 487,
                                 'y': 325}}
2022-10-05 17:43:13,486 INFO     Eyes Open. State: {'open': 1, 'lr': 0, 'left_eye_center': {'x': 484,
                                 'y': 330}}
2022-10-05 17:43:13,501 INFO     Eyes Closed. State: {'open': 0, 'lr': 0, 'left_eye_center': {'x': 484,
                                 'y': 330}}
2022-10-05 17:43:13,562 INFO     Eyes Closed. State: {'open': 0, 'lr': 0, 'left_eye_center': {'x': 486,
                                 'y': 325}}
2022-10-05 17:43:13,569 INFO     Eyes Open. State: {'open': 1, 'lr': 0, 'left_eye_center': {'x': 486,
                                 'y': 325}}
2022-10-05 17:43:13,640 INFO     Eyes Open. State: {'open': 1, 'lr': 0, 'left_eye_center': {'x': 487,
                                 'y': 324}}
2022-10-05 17:43:13,641 INFO     Eyes Open. State: {'open': 1, 'lr': 0, 'left_eye_center': {'x': 487,
                                 'y': 324}}
2022-10-05 17:43:13,699 INFO     Eyes Open. State: {'open': 1, 'lr': 0, 'left_eye_center': {'x': 485,
                                 'y': 329}}
2022-10-05 17:43:13,701 INFO     Eyes Closed. State: {'open': 0, 'lr': 0, 'left_eye_center': {'x': 485,
                                 'y': 329}}
2022-10-05 17:43:13,760 INFO     Eyes Closed. State: {'open': 0, 'lr': 0, 'left_eye_center': {'x': 485,
                                 'y': 330}}
2022-10-05 17:43:13,762 INFO     Eyes Closed. State: {'open': 0, 'lr': 0, 'left_eye_center': {'x': 485,
                                 'y': 330}}
2022-10-05 17:43:13,821 INFO     Eyes Closed. State: {'open': 0, 'lr': 0, 'left_eye_center': {'x': 483,
                                 'y': 329}}
2022-10-05 17:43:13,822 INFO     Eyes Closed. State: {'open': 0, 'lr': 0, 'left_eye_center': {'x': 483,
                                 'y': 329}}
2022-10-05 17:43:13,908 INFO     Eyes Closed. State: {'open': 0, 'lr': 0, 'left_eye_center': {'x': 484,
                                 'y': 327}}
2022-10-05 17:43:13,925 INFO     Eyes Closed. State: {'open': 0, 'lr': 0, 'left_eye_center': {'x': 484,
                                 'y': 327}}
2022-10-05 17:43:13,993 INFO     Eyes Closed. State: {'open': 0, 'lr': 0, 'left_eye_center': {'x': 486,
                                 'y': 323}}
2022-10-05 17:43:13,998 INFO     Eyes Open. State: {'open': 1, 'lr': 0, 'left_eye_center': {'x': 486,
                                 'y': 323}}
2022-10-05 17:43:14,051 INFO     Eyes Open. State: {'open': 1, 'lr': 0, 'left_eye_center': {'x': 485,
                                 'y': 323}}
2022-10-05 17:43:14,052 INFO     Eyes Open. State: {'open': 1, 'lr': 0, 'left_eye_center': {'x': 485,
                                 'y': 323}}
2022-10-05 17:43:14,114 INFO     Eyes Open. State: {'open': 1, 'lr': 0, 'left_eye_center': {'x': 483,
                                 'y': 327}}
2022-10-05 17:43:14,115 INFO     Eyes Closed. State: {'open': 0, 'lr': 0, 'left_eye_center': {'x': 483,
                                 'y': 327}}
2022-10-05 17:43:14,184 INFO     Eyes Closed. State: {'open': 0, 'lr': 0, 'left_eye_center': {'x': 484,
                                 'y': 329}}
2022-10-05 17:43:14,185 INFO     Eyes Closed. State: {'open': 0, 'lr': 0, 'left_eye_center': {'x': 484,
                                 'y': 329}}
2022-10-05 17:43:14,241 INFO     Eyes Closed. State: {'open': 0, 'lr': 0, 'left_eye_center': {'x': 483,
                                 'y': 328}}
2022-10-05 17:43:14,246 INFO     Eyes Closed. State: {'open': 0, 'lr': 0, 'left_eye_center': {'x': 483,
                                 'y': 328}}
2022-10-05 17:43:14,310 INFO     Eyes Closed. State: {'open': 0, 'lr': 0, 'left_eye_center': {'x': 480,
                                 'y': 320}}
2022-10-05 17:43:14,312 INFO     Eyes Open. State: {'open': 1, 'lr': 0, 'left_eye_center': {'x': 480,
                                 'y': 320}}
2022-10-05 17:43:14,403 INFO     Eyes Open. State: {'open': 1, 'lr': 0, 'left_eye_center': {'x': 480,
                                 'y': 322}}
2022-10-05 17:43:14,404 INFO     Eyes Open. State: {'open': 1, 'lr': 0, 'left_eye_center': {'x': 480,
                                 'y': 322}}
2022-10-05 17:43:14,476 INFO     Eyes Open. State: {'open': 1, 'lr': 0, 'left_eye_center': {'x': 478,
                                 'y': 322}}
2022-10-05 17:43:14,477 INFO     Eyes Open. State: {'open': 1, 'lr': 0, 'left_eye_center': {'x': 478,
                                 'y': 322}}
2022-10-05 17:43:14,543 INFO     Eyes Open. State: {'open': 1, 'lr': 0, 'left_eye_center': {'x': 476,
                                 'y': 320}}
2022-10-05 17:43:14,545 INFO     Eyes Open. State: {'open': 1, 'lr': 0, 'left_eye_center': {'x': 476,
                                 'y': 320}}
2022-10-05 17:43:14,609 INFO     Eyes Open. State: {'open': 1, 'lr': 0, 'left_eye_center': {'x': 474,
                                 'y': 320}}
2022-10-05 17:43:14,610 INFO     Eyes Open. State: {'open': 1, 'lr': 0, 'left_eye_center': {'x': 474,
                                 'y': 320}}
2022-10-05 17:43:14,683 INFO     Eyes Open. State: {'open': 1, 'lr': 0, 'left_eye_center': {'x': 469,
                                 'y': 319}}
2022-10-05 17:43:14,684 INFO     Eyes Open. State: {'open': 1, 'lr': 0, 'left_eye_center': {'x': 469,
                                 'y': 319}}
2022-10-05 17:43:14,754 INFO     Eyes Open. State: {'open': 1, 'lr': 0, 'left_eye_center': {'x': 468,
                                 'y': 318}}
2022-10-05 17:43:14,756 INFO     Eyes Open. State: {'open': 1, 'lr': 0, 'left_eye_center': {'x': 468,
                                 'y': 318}}
2022-10-05 17:43:14,831 INFO     Eyes Open. State: {'open': 1, 'lr': 0, 'left_eye_center': {'x': 466,
                                 'y': 318}}
2022-10-05 17:43:14,834 INFO     Eyes Open. State: {'open': 1, 'lr': 0, 'left_eye_center': {'x': 466,
                                 'y': 318}}
2022-10-05 17:43:14,906 INFO     Eyes Open. State: {'open': 1, 'lr': 0, 'left_eye_center': {'x': 466,
                                 'y': 318}}
2022-10-05 17:43:14,907 INFO     Eyes Open. State: {'open': 1, 'lr': 0, 'left_eye_center': {'x': 466,
                                 'y': 318}}
2022-10-05 17:43:14,974 INFO     Eyes Open. State: {'open': 1, 'lr': 0, 'left_eye_center': {'x': 465,
                                 'y': 318}}
2022-10-05 17:43:14,975 INFO     Eyes Open. State: {'open': 1, 'lr': 0, 'left_eye_center': {'x': 465,
                                 'y': 318}}
2022-10-05 17:43:15,041 INFO     Eyes Open. State: {'open': 1, 'lr': 0, 'left_eye_center': {'x': 465,
                                 'y': 317}}
2022-10-05 17:43:15,041 INFO     Eyes Open. State: {'open': 1, 'lr': 0, 'left_eye_center': {'x': 465,
                                 'y': 317}}
2022-10-05 17:43:15,104 INFO     Eyes Open. State: {'open': 1, 'lr': 0, 'left_eye_center': {'x': 464,
                                 'y': 317}}
2022-10-05 17:43:15,105 INFO     Eyes Open. State: {'open': 1, 'lr': 0, 'left_eye_center': {'x': 464,
                                 'y': 317}}
2022-10-05 17:43:15,166 INFO     Eyes Open. State: {'open': 1, 'lr': 0, 'left_eye_center': {'x': 464,
                                 'y': 317}}
2022-10-05 17:43:15,169 INFO     Eyes Open. State: {'open': 1, 'lr': 0, 'left_eye_center': {'x': 464,
                                 'y': 317}}
2022-10-05 17:43:15,253 INFO     Eyes Open. State: {'open': 1, 'lr': 0, 'left_eye_center': {'x': 465,
                                 'y': 317}}
2022-10-05 17:43:15,254 INFO     Eyes Open. State: {'open': 1, 'lr': 0, 'left_eye_center': {'x': 465,
                                 'y': 317}}
2022-10-05 17:43:15,330 INFO     Eyes Open. State: {'open': 1, 'lr': 0, 'left_eye_center': {'x': 465,
                                 'y': 317}}
2022-10-05 17:43:15,338 INFO     Eyes Open. State: {'open': 1, 'lr': 0, 'left_eye_center': {'x': 465,
                                 'y': 317}}
2022-10-05 17:43:15,417 INFO     Eyes Open. State: {'open': 1, 'lr': 0, 'left_eye_center': {'x': 465,
                                 'y': 317}}
2022-10-05 17:43:15,418 INFO     Eyes Open. State: {'open': 1, 'lr': 0, 'left_eye_center': {'x': 465,
                                 'y': 317}}
2022-10-05 17:43:15,481 INFO     Eyes Open. State: {'open': 1, 'lr': 0, 'left_eye_center': {'x': 465,
                                 'y': 316}}
2022-10-05 17:43:15,482 INFO     Eyes Open. State: {'open': 1, 'lr': 0, 'left_eye_center': {'x': 465,
                                 'y': 316}}
2022-10-05 17:43:15,554 INFO     Eyes Open. State: {'open': 1, 'lr': 0, 'left_eye_center': {'x': 472,
                                 'y': 315}}
2022-10-05 17:43:15,556 INFO     Eyes Open. State: {'open': 1, 'lr': 0, 'left_eye_center': {'x': 472,
                                 'y': 315}}
2022-10-05 17:43:15,613 INFO     Eyes Open. State: {'open': 1, 'lr': 0, 'left_eye_center': {'x': 473,
                                 'y': 316}}
2022-10-05 17:43:15,614 INFO     Eyes Open. State: {'open': 1, 'lr': 0, 'left_eye_center': {'x': 473,
                                 'y': 316}}
2022-10-05 17:43:15,682 INFO     Eyes Open. State: {'open': 1, 'lr': 0, 'left_eye_center': {'x': 475,
                                 'y': 315}}
2022-10-05 17:43:15,684 INFO     Eyes Open. State: {'open': 1, 'lr': 0, 'left_eye_center': {'x': 475,
                                 'y': 315}}
2022-10-05 17:43:15,764 INFO     Eyes Open. State: {'open': 1, 'lr': 0, 'left_eye_center': {'x': 478,
                                 'y': 316}}
2022-10-05 17:43:15,765 INFO     Eyes Open. State: {'open': 1, 'lr': 0, 'left_eye_center': {'x': 478,
                                 'y': 316}}
2022-10-05 17:43:15,841 INFO     Eyes Open. State: {'open': 1, 'lr': 0, 'left_eye_center': {'x': 479,
                                 'y': 315}}
2022-10-05 17:43:15,843 INFO     Eyes Open. State: {'open': 1, 'lr': 0, 'left_eye_center': {'x': 479,
                                 'y': 315}}
2022-10-05 17:43:15,914 INFO     Eyes Open. State: {'open': 1, 'lr': 0, 'left_eye_center': {'x': 479,
                                 'y': 315}}
2022-10-05 17:43:15,961 INFO     Eyes Open. State: {'open': 1, 'lr': 0, 'left_eye_center': {'x': 479,
                                 'y': 315}}
2022-10-05 17:43:16,062 INFO     Eyes Open. State: {'open': 1, 'lr': 0, 'left_eye_center': {'x': 480,
                                 'y': 315}}
2022-10-05 17:43:16,063 INFO     Eyes Open. State: {'open': 1, 'lr': 0, 'left_eye_center': {'x': 480,
                                 'y': 315}}
2022-10-05 17:43:16,131 INFO     Eyes Open. State: {'open': 1, 'lr': 0, 'left_eye_center': {'x': 481,
                                 'y': 315}}
2022-10-05 17:43:16,132 INFO     Eyes Open. State: {'open': 1, 'lr': 0, 'left_eye_center': {'x': 481,
                                 'y': 315}}
2022-10-05 17:43:16,199 INFO     Eyes Open. State: {'open': 1, 'lr': 0, 'left_eye_center': {'x': 481,
                                 'y': 317}}
2022-10-05 17:43:16,201 INFO     Eyes Open. State: {'open': 1, 'lr': 0, 'left_eye_center': {'x': 481,
                                 'y': 317}}
2022-10-05 17:43:16,267 INFO     Eyes Open. State: {'open': 1, 'lr': 0, 'left_eye_center': {'x': 481,
                                 'y': 317}}
2022-10-05 17:43:16,270 INFO     Eyes Open. State: {'open': 1, 'lr': 0, 'left_eye_center': {'x': 481,
                                 'y': 317}}
2022-10-05 17:43:16,350 INFO     Eyes Open. State: {'open': 1, 'lr': 0, 'left_eye_center': {'x': 481,
                                 'y': 318}}
2022-10-05 17:43:16,353 INFO     Eyes Open. State: {'open': 1, 'lr': 0, 'left_eye_center': {'x': 481,
                                 'y': 318}}
2022-10-05 17:43:16,442 INFO     Eyes Open. State: {'open': 1, 'lr': 0, 'left_eye_center': {'x': 481,
                                 'y': 318}}
2022-10-05 17:43:16,444 INFO     Eyes Open. State: {'open': 1, 'lr': 0, 'left_eye_center': {'x': 481,
                                 'y': 318}}
2022-10-05 17:43:16,513 INFO     Eyes Open. State: {'open': 1, 'lr': 0, 'left_eye_center': {'x': 480,
                                 'y': 318}}
2022-10-05 17:43:16,514 INFO     Eyes Open. State: {'open': 1, 'lr': 0, 'left_eye_center': {'x': 480,
                                 'y': 318}}
2022-10-05 17:43:16,571 INFO     Eyes Open. State: {'open': 1, 'lr': 0, 'left_eye_center': {'x': 480,
                                 'y': 317}}
2022-10-05 17:43:16,573 INFO     Eyes Open. State: {'open': 1, 'lr': 0, 'left_eye_center': {'x': 480,
                                 'y': 317}}
2022-10-05 17:43:16,639 INFO     Eyes Open. State: {'open': 1, 'lr': 0, 'left_eye_center': {'x': 479,
                                 'y': 317}}
2022-10-05 17:43:16,645 INFO     Eyes Open. State: {'open': 1, 'lr': 0, 'left_eye_center': {'x': 479,
                                 'y': 317}}
2022-10-05 17:43:16,711 INFO     Eyes Open. State: {'open': 1, 'lr': 0, 'left_eye_center': {'x': 478,
                                 'y': 317}}
2022-10-05 17:43:16,712 INFO     Eyes Open. State: {'open': 1, 'lr': 0, 'left_eye_center': {'x': 478,
                                 'y': 317}}
2022-10-05 17:43:16,774 INFO     Eyes Open. State: {'open': 1, 'lr': 0, 'left_eye_center': {'x': 478,
                                 'y': 317}}
2022-10-05 17:43:16,791 INFO     Eyes Open. State: {'open': 1, 'lr': 0, 'left_eye_center': {'x': 478,
                                 'y': 317}}
2022-10-05 17:43:16,850 INFO     Eyes Open. State: {'open': 1, 'lr': 0, 'left_eye_center': {'x': 477,
                                 'y': 317}}
2022-10-05 17:43:16,851 INFO     Eyes Open. State: {'open': 1, 'lr': 0, 'left_eye_center': {'x': 477,
                                 'y': 317}}
2022-10-05 17:43:16,915 INFO     Eyes Open. State: {'open': 1, 'lr': 0, 'left_eye_center': {'x': 477,
                                 'y': 318}}
2022-10-05 17:43:16,919 INFO     Eyes Open. State: {'open': 1, 'lr': 0, 'left_eye_center': {'x': 477,
                                 'y': 318}}
2022-10-05 17:43:16,990 INFO     Eyes Open. State: {'open': 1, 'lr': 0, 'left_eye_center': {'x': 478,
                                 'y': 321}}
2022-10-05 17:43:16,994 INFO     Eyes Open. State: {'open': 1, 'lr': 0, 'left_eye_center': {'x': 478,
                                 'y': 321}}
2022-10-05 17:43:17,063 INFO     Eyes Open. State: {'open': 1, 'lr': 0, 'left_eye_center': {'x': 477,
                                 'y': 316}}
2022-10-05 17:43:17,064 INFO     Eyes Open. State: {'open': 1, 'lr': 0, 'left_eye_center': {'x': 477,
                                 'y': 316}}
2022-10-05 17:43:17,136 INFO     Eyes Open. State: {'open': 1, 'lr': 0, 'left_eye_center': {'x': 477,
                                 'y': 317}}
2022-10-05 17:43:17,138 INFO     Eyes Open. State: {'open': 1, 'lr': 0, 'left_eye_center': {'x': 477,
                                 'y': 317}}
2022-10-05 17:43:17,205 INFO     Eyes Open. State: {'open': 1, 'lr': 0, 'left_eye_center': {'x': 477,
                                 'y': 317}}
2022-10-05 17:43:17,206 INFO     Eyes Open. State: {'open': 1, 'lr': 0, 'left_eye_center': {'x': 477,
                                 'y': 317}}
2022-10-05 17:43:17,314 INFO     Eyes Open. State: {'open': 1, 'lr': 0, 'left_eye_center': {'x': 477,
                                 'y': 317}}
2022-10-05 17:43:17,316 INFO     Eyes Open. State: {'open': 1, 'lr': 0, 'left_eye_center': {'x': 477,
                                 'y': 317}}
2022-10-05 17:43:17,371 INFO     Eyes Open. State: {'open': 1, 'lr': 0, 'left_eye_center': {'x': 478,
                                 'y': 318}}
2022-10-05 17:43:17,372 INFO     Eyes Open. State: {'open': 1, 'lr': 0, 'left_eye_center': {'x': 478,
                                 'y': 318}}
2022-10-05 17:43:17,439 INFO     Eyes Open. State: {'open': 1, 'lr': 0, 'left_eye_center': {'x': 478,
                                 'y': 317}}
2022-10-05 17:43:17,441 INFO     Eyes Open. State: {'open': 1, 'lr': 0, 'left_eye_center': {'x': 478,
                                 'y': 317}}
2022-10-05 17:43:17,505 INFO     Eyes Open. State: {'open': 1, 'lr': 0, 'left_eye_center': {'x': 478,
                                 'y': 317}}
2022-10-05 17:43:17,506 INFO     Eyes Open. State: {'open': 1, 'lr': 0, 'left_eye_center': {'x': 478,
                                 'y': 317}}
2022-10-05 17:43:17,572 INFO     Eyes Open. State: {'open': 1, 'lr': 0, 'left_eye_center': {'x': 478,
                                 'y': 318}}
2022-10-05 17:43:17,578 INFO     Eyes Open. State: {'open': 1, 'lr': 0, 'left_eye_center': {'x': 478,
                                 'y': 318}}
2022-10-05 17:43:17,644 INFO     Eyes Open. State: {'open': 1, 'lr': 0, 'left_eye_center': {'x': 478,
                                 'y': 318}}
2022-10-05 17:43:17,645 INFO     Eyes Open. State: {'open': 1, 'lr': 0, 'left_eye_center': {'x': 478,
                                 'y': 318}}
2022-10-05 17:43:17,717 INFO     Eyes Open. State: {'open': 1, 'lr': 0, 'left_eye_center': {'x': 478,
                                 'y': 318}}
2022-10-05 17:43:17,718 INFO     Eyes Open. State: {'open': 1, 'lr': 0, 'left_eye_center': {'x': 478,
                                 'y': 318}}
2022-10-05 17:43:17,785 INFO     Eyes Open. State: {'open': 1, 'lr': 0, 'left_eye_center': {'x': 479,
                                 'y': 317}}
2022-10-05 17:43:17,786 INFO     Eyes Open. State: {'open': 1, 'lr': 0, 'left_eye_center': {'x': 479,
                                 'y': 317}}
2022-10-05 17:43:17,851 INFO     Eyes Open. State: {'open': 1, 'lr': 0, 'left_eye_center': {'x': 479,
                                 'y': 318}}
2022-10-05 17:43:17,853 INFO     Eyes Open. State: {'open': 1, 'lr': 0, 'left_eye_center': {'x': 479,
                                 'y': 318}}
2022-10-05 17:43:17,967 INFO     Eyes Open. State: {'open': 1, 'lr': 0, 'left_eye_center': {'x': 479,
                                 'y': 318}}
2022-10-05 17:43:17,983 INFO     Eyes Open. State: {'open': 1, 'lr': 0, 'left_eye_center': {'x': 479,
                                 'y': 318}}
2022-10-05 17:43:18,075 INFO     Eyes Open. State: {'open': 1, 'lr': 0, 'left_eye_center': {'x': 479,
                                 'y': 319}}
2022-10-05 17:43:18,076 INFO     Eyes Open. State: {'open': 1, 'lr': 0, 'left_eye_center': {'x': 479,
                                 'y': 319}}
2022-10-05 17:43:18,135 INFO     Eyes Open. State: {'open': 1, 'lr': 0, 'left_eye_center': {'x': 479,
                                 'y': 319}}
2022-10-05 17:43:18,136 INFO     Eyes Open. State: {'open': 1, 'lr': 0, 'left_eye_center': {'x': 479,
                                 'y': 319}}
2022-10-05 17:43:18,195 INFO     Eyes Open. State: {'open': 1, 'lr': 0, 'left_eye_center': {'x': 479,
                                 'y': 318}}
2022-10-05 17:43:18,196 INFO     Eyes Open. State: {'open': 1, 'lr': 0, 'left_eye_center': {'x': 479,
                                 'y': 318}}
2022-10-05 17:43:18,259 INFO     Eyes Open. State: {'open': 1, 'lr': 0, 'left_eye_center': {'x': 479,
                                 'y': 319}}
2022-10-05 17:43:18,260 INFO     Eyes Open. State: {'open': 1, 'lr': 0, 'left_eye_center': {'x': 479,
                                 'y': 319}}
2022-10-05 17:43:18,321 INFO     Eyes Open. State: {'open': 1, 'lr': 0, 'left_eye_center': {'x': 478,
                                 'y': 319}}
2022-10-05 17:43:18,323 INFO     Eyes Open. State: {'open': 1, 'lr': 0, 'left_eye_center': {'x': 478,
                                 'y': 319}}
2022-10-05 17:43:18,379 INFO     Eyes Open. State: {'open': 1, 'lr': 0, 'left_eye_center': {'x': 478,
                                 'y': 319}}
2022-10-05 17:43:18,380 INFO     Eyes Open. State: {'open': 1, 'lr': 0, 'left_eye_center': {'x': 478,
                                 'y': 319}}
2022-10-05 17:43:18,463 INFO     Eyes Open. State: {'open': 1, 'lr': 0, 'left_eye_center': {'x': 479,
                                 'y': 319}}
2022-10-05 17:43:18,465 INFO     Eyes Open. State: {'open': 1, 'lr': 0, 'left_eye_center': {'x': 479,
                                 'y': 319}}
2022-10-05 17:43:18,544 INFO     Eyes Open. State: {'open': 1, 'lr': 0, 'left_eye_center': {'x': 479,
                                 'y': 319}}
2022-10-05 17:43:18,549 INFO     Eyes Open. State: {'open': 1, 'lr': 0, 'left_eye_center': {'x': 479,
                                 'y': 319}}
2022-10-05 17:43:18,612 INFO     Eyes Open. State: {'open': 1, 'lr': 0, 'left_eye_center': {'x': 479,
                                 'y': 319}}
2022-10-05 17:43:18,613 INFO     Eyes Open. State: {'open': 1, 'lr': 0, 'left_eye_center': {'x': 479,
                                 'y': 319}}
2022-10-05 17:43:18,669 INFO     Eyes Open. State: {'open': 1, 'lr': 0, 'left_eye_center': {'x': 479,
                                 'y': 319}}
2022-10-05 17:43:18,673 INFO     Eyes Open. State: {'open': 1, 'lr': 0, 'left_eye_center': {'x': 479,
                                 'y': 319}}
2022-10-05 17:43:18,736 INFO     Eyes Open. State: {'open': 1, 'lr': 0, 'left_eye_center': {'x': 479,
                                 'y': 319}}
2022-10-05 17:43:18,737 INFO     Eyes Open. State: {'open': 1, 'lr': 0, 'left_eye_center': {'x': 479,
                                 'y': 319}}
2022-10-05 17:43:18,804 INFO     Eyes Open. State: {'open': 1, 'lr': 0, 'left_eye_center': {'x': 478,
                                 'y': 319}}
2022-10-05 17:43:18,804 INFO     Eyes Open. State: {'open': 1, 'lr': 0, 'left_eye_center': {'x': 478,
                                 'y': 319}}
2022-10-05 17:43:18,869 INFO     Eyes Open. State: {'open': 1, 'lr': 0, 'left_eye_center': {'x': 479,
                                 'y': 318}}
2022-10-05 17:43:18,870 INFO     Eyes Open. State: {'open': 1, 'lr': 0, 'left_eye_center': {'x': 479,
                                 'y': 318}}
2022-10-05 17:43:18,934 INFO     Eyes Open. State: {'open': 1, 'lr': 0, 'left_eye_center': {'x': 479,
                                 'y': 319}}
2022-10-05 17:43:18,935 INFO     Eyes Open. State: {'open': 1, 'lr': 0, 'left_eye_center': {'x': 479,
                                 'y': 319}}
2022-10-05 17:43:19,000 INFO     Eyes Open. State: {'open': 1, 'lr': 0, 'left_eye_center': {'x': 478,
                                 'y': 319}}
2022-10-05 17:43:19,001 INFO     Eyes Open. State: {'open': 1, 'lr': 0, 'left_eye_center': {'x': 478,
                                 'y': 319}}
2022-10-05 17:43:19,070 INFO     Eyes Open. State: {'open': 1, 'lr': 0, 'left_eye_center': {'x': 478,
                                 'y': 319}}
2022-10-05 17:43:19,072 INFO     Eyes Open. State: {'open': 1, 'lr': 0, 'left_eye_center': {'x': 478,
                                 'y': 319}}
2022-10-05 17:43:19,137 INFO     Eyes Open. State: {'open': 1, 'lr': 0, 'left_eye_center': {'x': 478,
                                 'y': 318}}
2022-10-05 17:43:19,140 INFO     Eyes Open. State: {'open': 1, 'lr': 0, 'left_eye_center': {'x': 478,
                                 'y': 318}}
2022-10-05 17:43:19,214 INFO     Eyes Open. State: {'open': 1, 'lr': 0, 'left_eye_center': {'x': 478,
                                 'y': 319}}
2022-10-05 17:43:19,229 INFO     Eyes Open. State: {'open': 1, 'lr': 0, 'left_eye_center': {'x': 478,
                                 'y': 319}}
2022-10-05 17:43:19,296 INFO     Eyes Open. State: {'open': 1, 'lr': 0, 'left_eye_center': {'x': 478,
                                 'y': 319}}
2022-10-05 17:43:19,296 INFO     Eyes Open. State: {'open': 1, 'lr': 0, 'left_eye_center': {'x': 478,
                                 'y': 319}}
2022-10-05 17:43:19,365 INFO     Eyes Open. State: {'open': 1, 'lr': 0, 'left_eye_center': {'x': 477,
                                 'y': 319}}
2022-10-05 17:43:19,366 INFO     Eyes Open. State: {'open': 1, 'lr': 0, 'left_eye_center': {'x': 477,
                                 'y': 319}}
2022-10-05 17:43:19,431 INFO     Eyes Open. State: {'open': 1, 'lr': 0, 'left_eye_center': {'x': 478,
                                 'y': 319}}
2022-10-05 17:43:19,433 INFO     Eyes Open. State: {'open': 1, 'lr': 0, 'left_eye_center': {'x': 478,
                                 'y': 319}}
2022-10-05 17:43:19,496 INFO     Eyes Open. State: {'open': 1, 'lr': 0, 'left_eye_center': {'x': 478,
                                 'y': 319}}
2022-10-05 17:43:19,497 INFO     Eyes Open. State: {'open': 1, 'lr': 0, 'left_eye_center': {'x': 478,
                                 'y': 319}}
2022-10-05 17:43:19,560 INFO     Eyes Open. State: {'open': 1, 'lr': 0, 'left_eye_center': {'x': 479,
                                 'y': 319}}
2022-10-05 17:43:19,561 INFO     Eyes Open. State: {'open': 1, 'lr': 0, 'left_eye_center': {'x': 479,
                                 'y': 319}}
2022-10-05 17:43:19,632 INFO     Eyes Open. State: {'open': 1, 'lr': 0, 'left_eye_center': {'x': 478,
                                 'y': 319}}
2022-10-05 17:43:19,633 INFO     Eyes Open. State: {'open': 1, 'lr': 0, 'left_eye_center': {'x': 478,
                                 'y': 319}}
2022-10-05 17:43:19,701 INFO     Eyes Open. State: {'open': 1, 'lr': 0, 'left_eye_center': {'x': 478,
                                 'y': 320}}
2022-10-05 17:43:19,705 INFO     Eyes Open. State: {'open': 1, 'lr': 0, 'left_eye_center': {'x': 478,
                                 'y': 320}}
2022-10-05 17:43:19,774 INFO     Eyes Open. State: {'open': 1, 'lr': 0, 'left_eye_center': {'x': 479,
                                 'y': 320}}
2022-10-05 17:43:19,776 INFO     Eyes Open. State: {'open': 1, 'lr': 0, 'left_eye_center': {'x': 479,
                                 'y': 320}}
2022-10-05 17:43:19,858 INFO     Eyes Open. State: {'open': 1, 'lr': 0, 'left_eye_center': {'x': 479,
                                 'y': 320}}
2022-10-05 17:43:19,859 INFO     Eyes Open. State: {'open': 1, 'lr': 0, 'left_eye_center': {'x': 479,
                                 'y': 320}}
2022-10-05 17:43:19,933 INFO     Eyes Open. State: {'open': 1, 'lr': 0, 'left_eye_center': {'x': 479,
                                 'y': 321}}
2022-10-05 17:43:19,935 INFO     Eyes Open. State: {'open': 1, 'lr': 0, 'left_eye_center': {'x': 479,
                                 'y': 321}}
2022-10-05 17:43:20,026 INFO     Eyes Open. State: {'open': 1, 'lr': 0, 'left_eye_center': {'x': 479,
                                 'y': 321}}
2022-10-05 17:43:20,027 INFO     Eyes Open. State: {'open': 1, 'lr': 0, 'left_eye_center': {'x': 479,
                                 'y': 321}}
2022-10-05 17:43:20,092 INFO     Eyes Open. State: {'open': 1, 'lr': 0, 'left_eye_center': {'x': 479,
                                 'y': 322}}
2022-10-05 17:43:20,093 INFO     Eyes Open. State: {'open': 1, 'lr': 0, 'left_eye_center': {'x': 479,
                                 'y': 322}}
2022-10-05 17:43:20,169 INFO     Eyes Open. State: {'open': 1, 'lr': 0, 'left_eye_center': {'x': 480,
                                 'y': 322}}
2022-10-05 17:43:20,169 INFO     Eyes Open. State: {'open': 1, 'lr': 0, 'left_eye_center': {'x': 480,
                                 'y': 322}}
2022-10-05 17:43:20,251 INFO     Eyes Open. State: {'open': 1, 'lr': 0, 'left_eye_center': {'x': 479,
                                 'y': 322}}
2022-10-05 17:43:20,252 INFO     Eyes Open. State: {'open': 1, 'lr': 0, 'left_eye_center': {'x': 479,
                                 'y': 322}}
2022-10-05 17:43:20,330 INFO     Eyes Open. State: {'open': 1, 'lr': 0, 'left_eye_center': {'x': 480,
                                 'y': 322}}
2022-10-05 17:43:20,331 INFO     Eyes Open. State: {'open': 1, 'lr': 0, 'left_eye_center': {'x': 480,
                                 'y': 322}}
2022-10-05 17:43:20,408 INFO     Eyes Open. State: {'open': 1, 'lr': 0, 'left_eye_center': {'x': 480,
                                 'y': 323}}
2022-10-05 17:43:20,411 INFO     Eyes Open. State: {'open': 1, 'lr': 0, 'left_eye_center': {'x': 480,
                                 'y': 323}}
2022-10-05 17:43:20,476 INFO     Eyes Open. State: {'open': 1, 'lr': 0, 'left_eye_center': {'x': 480,
                                 'y': 323}}
2022-10-05 17:43:20,477 INFO     Eyes Open. State: {'open': 1, 'lr': 0, 'left_eye_center': {'x': 480,
                                 'y': 323}}
2022-10-05 17:43:20,560 INFO     Eyes Open. State: {'open': 1, 'lr': 0, 'left_eye_center': {'x': 481,
                                 'y': 321}}
2022-10-05 17:43:20,563 INFO     Eyes Open. State: {'open': 1, 'lr': 0, 'left_eye_center': {'x': 481,
                                 'y': 321}}
