2022-10-05 18:03:37,062 INFO     Camera Started
2022-10-05 18:03:40,074 INFO     Eyes Open. State: {'open': 1, 'lr': 0, 'left_eye_center': {'x': 501,
                                 'y': 385}}
2022-10-05 18:03:40,074 INFO     Eyes Open. State: {'open': 1, 'lr': 0, 'left_eye_center': {'x': 501,
                                 'y': 385}}
2022-10-05 18:03:40,215 INFO     Eyes Open. State: {'open': 1, 'lr': 0, 'left_eye_center': {'x': 497,
                                 'y': 383}}
2022-10-05 18:03:40,215 INFO     Eyes Open. State: {'open': 1, 'lr': 0, 'left_eye_center': {'x': 497,
                                 'y': 383}}
2022-10-05 18:03:40,318 INFO     Eyes Open. State: {'open': 1, 'lr': 0, 'left_eye_center': {'x': 490,
                                 'y': 384}}
2022-10-05 18:03:40,318 INFO     Eyes Open. State: {'open': 1, 'lr': 0, 'left_eye_center': {'x': 490,
                                 'y': 384}}
2022-10-05 18:03:40,420 INFO     Eyes Open. State: {'open': 1, 'lr': 0, 'left_eye_center': {'x': 490,
                                 'y': 385}}
2022-10-05 18:03:40,420 INFO     Eyes Open. State: {'open': 1, 'lr': 0, 'left_eye_center': {'x': 490,
                                 'y': 385}}
2022-10-05 18:03:40,524 INFO     Eyes Open. State: {'open': 1, 'lr': 0, 'left_eye_center': {'x': 483,
                                 'y': 386}}
2022-10-05 18:03:40,525 INFO     Eyes Open. State: {'open': 1, 'lr': 0, 'left_eye_center': {'x': 483,
                                 'y': 386}}
2022-10-05 18:03:40,615 INFO     Eyes Open. State: {'open': 1, 'lr': 0, 'left_eye_center': {'x': 484,
                                 'y': 385}}
2022-10-05 18:03:40,615 INFO     Eyes Open. State: {'open': 1, 'lr': 0, 'left_eye_center': {'x': 484,
                                 'y': 385}}
2022-10-05 18:03:40,718 INFO     Eyes Open. State: {'open': 1, 'lr': 0, 'left_eye_center': {'x': 484,
                                 'y': 386}}
2022-10-05 18:03:40,718 INFO     Eyes Open. State: {'open': 1, 'lr': 0, 'left_eye_center': {'x': 484,
                                 'y': 386}}
2022-10-05 18:03:40,805 INFO     Eyes Open. State: {'open': 1, 'lr': 0, 'left_eye_center': {'x': 483,
                                 'y': 386}}
2022-10-05 18:03:40,805 INFO     Eyes Open. State: {'open': 1, 'lr': 0, 'left_eye_center': {'x': 483,
                                 'y': 386}}
2022-10-05 18:03:40,923 INFO     Eyes Open. State: {'open': 1, 'lr': 0, 'left_eye_center': {'x': 485,
                                 'y': 385}}
2022-10-05 18:03:40,923 INFO     Eyes Open. State: {'open': 1, 'lr': 0, 'left_eye_center': {'x': 485,
                                 'y': 385}}
2022-10-05 18:03:41,024 INFO     Eyes Open. State: {'open': 1, 'lr': 0, 'left_eye_center': {'x': 487,
                                 'y': 377}}
2022-10-05 18:03:41,024 INFO     Eyes Open. State: {'open': 1, 'lr': 0, 'left_eye_center': {'x': 487,
                                 'y': 377}}
2022-10-05 18:03:41,140 INFO     Eyes Open. State: {'open': 1, 'lr': 0, 'left_eye_center': {'x': 488,
                                 'y': 377}}
2022-10-05 18:03:41,140 INFO     Eyes Open. State: {'open': 1, 'lr': 0, 'left_eye_center': {'x': 488,
                                 'y': 377}}
2022-10-05 18:03:41,240 INFO     Eyes Open. State: {'open': 1, 'lr': 0, 'left_eye_center': {'x': 489,
                                 'y': 375}}
2022-10-05 18:03:41,240 INFO     Eyes Open. State: {'open': 1, 'lr': 0, 'left_eye_center': {'x': 489,
                                 'y': 375}}
2022-10-05 18:03:41,340 INFO     Eyes Open. State: {'open': 1, 'lr': 0, 'left_eye_center': {'x': 487,
                                 'y': 388}}
2022-10-05 18:03:41,340 INFO     Eyes Open. State: {'open': 1, 'lr': 0, 'left_eye_center': {'x': 487,
                                 'y': 388}}
2022-10-05 18:03:41,440 INFO     Eyes Open. State: {'open': 1, 'lr': 0, 'left_eye_center': {'x': 489,
                                 'y': 388}}
2022-10-05 18:03:41,440 INFO     Eyes Closed. State: {'open': 0, 'lr': 0, 'left_eye_center': {'x': 489,
                                 'y': 388}}
2022-10-05 18:03:41,540 INFO     Eyes Closed. State: {'open': 0, 'lr': 0, 'left_eye_center': {'x': 487,
                                 'y': 382}}
2022-10-05 18:03:41,540 INFO     Eyes Open. State: {'open': 1, 'lr': 0, 'left_eye_center': {'x': 487,
                                 'y': 382}}
2022-10-05 18:03:41,640 INFO     Eyes Open. State: {'open': 1, 'lr': 0, 'left_eye_center': {'x': 486,
                                 'y': 382}}
2022-10-05 18:03:41,640 INFO     Eyes Open. State: {'open': 1, 'lr': 0, 'left_eye_center': {'x': 486,
                                 'y': 382}}
2022-10-05 18:03:41,740 INFO     Eyes Open. State: {'open': 1, 'lr': 0, 'left_eye_center': {'x': 486,
                                 'y': 382}}
2022-10-05 18:03:41,740 INFO     Eyes Open. State: {'open': 1, 'lr': 0, 'left_eye_center': {'x': 486,
                                 'y': 382}}
2022-10-05 18:03:41,840 INFO     Eyes Open. State: {'open': 1, 'lr': 0, 'left_eye_center': {'x': 485,
                                 'y': 382}}
2022-10-05 18:03:41,840 INFO     Eyes Open. State: {'open': 1, 'lr': 0, 'left_eye_center': {'x': 485,
                                 'y': 382}}
2022-10-05 18:03:41,956 INFO     Eyes Open. State: {'open': 1, 'lr': 0, 'left_eye_center': {'x': 485,
                                 'y': 382}}
2022-10-05 18:03:41,956 INFO     Eyes Open. State: {'open': 1, 'lr': 0, 'left_eye_center': {'x': 485,
                                 'y': 382}}
2022-10-05 18:03:42,056 INFO     Eyes Open. State: {'open': 1, 'lr': 0, 'left_eye_center': {'x': 486,
                                 'y': 381}}
2022-10-05 18:03:42,056 INFO     Eyes Open. State: {'open': 1, 'lr': 0, 'left_eye_center': {'x': 486,
                                 'y': 381}}
2022-10-05 18:03:42,182 INFO     Eyes Open. State: {'open': 1, 'lr': 0, 'left_eye_center': {'x': 486,
                                 'y': 379}}
2022-10-05 18:03:42,182 INFO     Eyes Open. State: {'open': 1, 'lr': 0, 'left_eye_center': {'x': 486,
                                 'y': 379}}
2022-10-05 18:03:42,277 INFO     Eyes Open. State: {'open': 1, 'lr': 0, 'left_eye_center': {'x': 488,
                                 'y': 381}}
2022-10-05 18:03:42,277 INFO     Eyes Open. State: {'open': 1, 'lr': 0, 'left_eye_center': {'x': 488,
                                 'y': 381}}
2022-10-05 18:03:42,393 INFO     Eyes Open. State: {'open': 1, 'lr': 0, 'left_eye_center': {'x': 488,
                                 'y': 381}}
2022-10-05 18:03:42,393 INFO     Eyes Open. State: {'open': 1, 'lr': 0, 'left_eye_center': {'x': 488,
                                 'y': 381}}
2022-10-05 18:03:42,516 INFO     Eyes Open. State: {'open': 1, 'lr': 0, 'left_eye_center': {'x': 488,
                                 'y': 381}}
2022-10-05 18:03:42,516 INFO     Eyes Open. State: {'open': 1, 'lr': 0, 'left_eye_center': {'x': 488,
                                 'y': 381}}
2022-10-05 18:03:42,624 INFO     Eyes Open. State: {'open': 1, 'lr': 0, 'left_eye_center': {'x': 489,
                                 'y': 381}}
2022-10-05 18:03:42,624 INFO     Eyes Open. State: {'open': 1, 'lr': 0, 'left_eye_center': {'x': 489,
                                 'y': 381}}
2022-10-05 18:03:42,744 INFO     Eyes Open. State: {'open': 1, 'lr': 0, 'left_eye_center': {'x': 488,
                                 'y': 382}}
2022-10-05 18:03:42,744 INFO     Eyes Open. State: {'open': 1, 'lr': 0, 'left_eye_center': {'x': 488,
                                 'y': 382}}
2022-10-05 18:03:42,826 INFO     Eyes Open. State: {'open': 1, 'lr': 0, 'left_eye_center': {'x': 488,
                                 'y': 382}}
2022-10-05 18:03:42,826 INFO     Eyes Open. State: {'open': 1, 'lr': 0, 'left_eye_center': {'x': 488,
                                 'y': 382}}
2022-10-05 18:03:42,945 INFO     Eyes Open. State: {'open': 1, 'lr': 0, 'left_eye_center': {'x': 488,
                                 'y': 382}}
2022-10-05 18:03:42,945 INFO     Eyes Open. State: {'open': 1, 'lr': 0, 'left_eye_center': {'x': 488,
                                 'y': 382}}
2022-10-05 18:03:43,061 INFO     Eyes Open. State: {'open': 1, 'lr': 0, 'left_eye_center': {'x': 488,
                                 'y': 382}}
2022-10-05 18:03:43,061 INFO     Eyes Open. State: {'open': 1, 'lr': 0, 'left_eye_center': {'x': 488,
                                 'y': 382}}
2022-10-05 18:03:43,161 INFO     Eyes Open. State: {'open': 1, 'lr': 0, 'left_eye_center': {'x': 488,
                                 'y': 381}}
2022-10-05 18:03:43,161 INFO     Eyes Open. State: {'open': 1, 'lr': 0, 'left_eye_center': {'x': 488,
                                 'y': 381}}
2022-10-05 18:03:43,277 INFO     Eyes Open. State: {'open': 1, 'lr': 0, 'left_eye_center': {'x': 487,
                                 'y': 380}}
2022-10-05 18:03:43,277 INFO     Eyes Open. State: {'open': 1, 'lr': 0, 'left_eye_center': {'x': 487,
                                 'y': 380}}
2022-10-05 18:03:43,366 INFO     Eyes Open. State: {'open': 1, 'lr': 0, 'left_eye_center': {'x': 488,
                                 'y': 380}}
2022-10-05 18:03:43,366 INFO     Eyes Open. State: {'open': 1, 'lr': 0, 'left_eye_center': {'x': 488,
                                 'y': 380}}
2022-10-05 18:03:43,448 INFO     Eyes Open. State: {'open': 1, 'lr': 0, 'left_eye_center': {'x': 488,
                                 'y': 379}}
2022-10-05 18:03:43,464 INFO     Eyes Open. State: {'open': 1, 'lr': 0, 'left_eye_center': {'x': 488,
                                 'y': 379}}
2022-10-05 18:03:43,546 INFO     Eyes Open. State: {'open': 1, 'lr': 0, 'left_eye_center': {'x': 488,
                                 'y': 380}}
2022-10-05 18:03:43,546 INFO     Eyes Open. State: {'open': 1, 'lr': 0, 'left_eye_center': {'x': 488,
                                 'y': 380}}
2022-10-05 18:03:43,678 INFO     Eyes Open. State: {'open': 1, 'lr': 0, 'left_eye_center': {'x': 487,
                                 'y': 379}}
2022-10-05 18:03:43,678 INFO     Eyes Open. State: {'open': 1, 'lr': 0, 'left_eye_center': {'x': 487,
                                 'y': 379}}
2022-10-05 18:03:43,766 INFO     Eyes Open. State: {'open': 1, 'lr': 0, 'left_eye_center': {'x': 487,
                                 'y': 379}}
2022-10-05 18:03:43,766 INFO     Eyes Open. State: {'open': 1, 'lr': 0, 'left_eye_center': {'x': 487,
                                 'y': 379}}
2022-10-05 18:03:43,848 INFO     Eyes Open. State: {'open': 1, 'lr': 0, 'left_eye_center': {'x': 486,
                                 'y': 379}}
2022-10-05 18:03:43,848 INFO     Eyes Open. State: {'open': 1, 'lr': 0, 'left_eye_center': {'x': 486,
                                 'y': 379}}
2022-10-05 18:03:43,929 INFO     Eyes Open. State: {'open': 1, 'lr': 0, 'left_eye_center': {'x': 487,
                                 'y': 379}}
2022-10-05 18:03:43,929 INFO     Eyes Open. State: {'open': 1, 'lr': 0, 'left_eye_center': {'x': 487,
                                 'y': 379}}
2022-10-05 18:03:44,030 INFO     Eyes Open. State: {'open': 1, 'lr': 0, 'left_eye_center': {'x': 485,
                                 'y': 378}}
2022-10-05 18:03:44,030 INFO     Eyes Open. State: {'open': 1, 'lr': 0, 'left_eye_center': {'x': 485,
                                 'y': 378}}
2022-10-05 18:03:44,150 INFO     Eyes Open. State: {'open': 1, 'lr': 0, 'left_eye_center': {'x': 485,
                                 'y': 378}}
2022-10-05 18:03:44,150 INFO     Eyes Open. State: {'open': 1, 'lr': 0, 'left_eye_center': {'x': 485,
                                 'y': 378}}
2022-10-05 18:03:44,271 INFO     Eyes Open. State: {'open': 1, 'lr': 0, 'left_eye_center': {'x': 484,
                                 'y': 377}}
2022-10-05 18:03:44,272 INFO     Eyes Open. State: {'open': 1, 'lr': 0, 'left_eye_center': {'x': 484,
                                 'y': 377}}
2022-10-05 18:03:44,366 INFO     Eyes Open. State: {'open': 1, 'lr': 0, 'left_eye_center': {'x': 485,
                                 'y': 376}}
2022-10-05 18:03:44,366 INFO     Eyes Open. State: {'open': 1, 'lr': 0, 'left_eye_center': {'x': 485,
                                 'y': 376}}
2022-10-05 18:03:44,450 INFO     Eyes Open. State: {'open': 1, 'lr': 0, 'left_eye_center': {'x': 486,
                                 'y': 377}}
2022-10-05 18:03:44,450 INFO     Eyes Open. State: {'open': 1, 'lr': 0, 'left_eye_center': {'x': 486,
                                 'y': 377}}
2022-10-05 18:03:44,550 INFO     Eyes Open. State: {'open': 1, 'lr': 0, 'left_eye_center': {'x': 488,
                                 'y': 375}}
2022-10-05 18:03:44,550 INFO     Eyes Open. State: {'open': 1, 'lr': 0, 'left_eye_center': {'x': 488,
                                 'y': 375}}
2022-10-05 18:03:44,651 INFO     Eyes Open. State: {'open': 1, 'lr': 0, 'left_eye_center': {'x': 487,
                                 'y': 372}}
2022-10-05 18:03:44,651 INFO     Eyes Open. State: {'open': 1, 'lr': 0, 'left_eye_center': {'x': 487,
                                 'y': 372}}
2022-10-05 18:03:44,750 INFO     Eyes Open. State: {'open': 1, 'lr': 0, 'left_eye_center': {'x': 484,
                                 'y': 379}}
2022-10-05 18:03:44,750 INFO     Eyes Open. State: {'open': 1, 'lr': 0, 'left_eye_center': {'x': 484,
                                 'y': 379}}
2022-10-05 18:03:44,832 INFO     Eyes Open. State: {'open': 1, 'lr': 0, 'left_eye_center': {'x': 485,
                                 'y': 379}}
2022-10-05 18:03:44,832 INFO     Eyes Open. State: {'open': 1, 'lr': 0, 'left_eye_center': {'x': 485,
                                 'y': 379}}
2022-10-05 18:03:44,918 INFO     Eyes Open. State: {'open': 1, 'lr': 0, 'left_eye_center': {'x': 486,
                                 'y': 379}}
2022-10-05 18:03:44,918 INFO     Eyes Open. State: {'open': 1, 'lr': 0, 'left_eye_center': {'x': 486,
                                 'y': 379}}
2022-10-05 18:03:45,020 INFO     Eyes Open. State: {'open': 1, 'lr': 0, 'left_eye_center': {'x': 487,
                                 'y': 379}}
2022-10-05 18:03:45,020 INFO     Eyes Open. State: {'open': 1, 'lr': 0, 'left_eye_center': {'x': 487,
                                 'y': 379}}
2022-10-05 18:03:45,117 INFO     Eyes Open. State: {'open': 1, 'lr': 0, 'left_eye_center': {'x': 486,
                                 'y': 379}}
2022-10-05 18:03:45,117 INFO     Eyes Open. State: {'open': 1, 'lr': 0, 'left_eye_center': {'x': 486,
                                 'y': 379}}
2022-10-05 18:03:45,234 INFO     Eyes Open. State: {'open': 1, 'lr': 0, 'left_eye_center': {'x': 485,
                                 'y': 377}}
2022-10-05 18:03:45,234 INFO     Eyes Open. State: {'open': 1, 'lr': 0, 'left_eye_center': {'x': 485,
                                 'y': 377}}
2022-10-05 18:03:45,352 INFO     Eyes Open. State: {'open': 1, 'lr': 0, 'left_eye_center': {'x': 487,
                                 'y': 376}}
2022-10-05 18:03:45,368 INFO     Eyes Open. State: {'open': 1, 'lr': 0, 'left_eye_center': {'x': 487,
                                 'y': 376}}
2022-10-05 18:03:45,455 INFO     Eyes Open. State: {'open': 1, 'lr': 0, 'left_eye_center': {'x': 483,
                                 'y': 376}}
2022-10-05 18:03:45,455 INFO     Eyes Open. State: {'open': 1, 'lr': 0, 'left_eye_center': {'x': 483,
                                 'y': 376}}
2022-10-05 18:03:45,537 INFO     Eyes Open. State: {'open': 1, 'lr': 0, 'left_eye_center': {'x': 484,
                                 'y': 374}}
2022-10-05 18:03:45,537 INFO     Eyes Open. State: {'open': 1, 'lr': 0, 'left_eye_center': {'x': 484,
                                 'y': 374}}
2022-10-05 18:03:45,653 INFO     Eyes Open. State: {'open': 1, 'lr': 0, 'left_eye_center': {'x': 483,
                                 'y': 373}}
2022-10-05 18:03:45,653 INFO     Eyes Open. State: {'open': 1, 'lr': 0, 'left_eye_center': {'x': 483,
                                 'y': 373}}
2022-10-05 18:03:45,752 INFO     Eyes Open. State: {'open': 1, 'lr': 0, 'left_eye_center': {'x': 480,
                                 'y': 354}}
2022-10-05 18:03:45,752 INFO     Eyes Open. State: {'open': 1, 'lr': 0, 'left_eye_center': {'x': 480,
                                 'y': 354}}
2022-10-05 18:03:45,885 INFO     Eyes Open. State: {'open': 1, 'lr': 0, 'left_eye_center': {'x': 472,
                                 'y': 344}}
2022-10-05 18:03:45,885 INFO     Eyes Open. State: {'open': 1, 'lr': 0, 'left_eye_center': {'x': 472,
                                 'y': 344}}
2022-10-05 18:03:45,980 INFO     Eyes Open. State: {'open': 1, 'lr': 0, 'left_eye_center': {'x': 470,
                                 'y': 351}}
2022-10-05 18:03:45,981 INFO     Eyes Open. State: {'open': 1, 'lr': 0, 'left_eye_center': {'x': 470,
                                 'y': 351}}
2022-10-05 18:03:46,084 INFO     Eyes Open. State: {'open': 1, 'lr': 0, 'left_eye_center': {'x': 473,
                                 'y': 353}}
2022-10-05 18:03:46,084 INFO     Eyes Open. State: {'open': 1, 'lr': 0, 'left_eye_center': {'x': 473,
                                 'y': 353}}
2022-10-05 18:03:46,185 INFO     Eyes Open. State: {'open': 1, 'lr': 0, 'left_eye_center': {'x': 486,
                                 'y': 361}}
2022-10-05 18:03:46,187 INFO     Eyes Open. State: {'open': 1, 'lr': 0, 'left_eye_center': {'x': 486,
                                 'y': 361}}
2022-10-05 18:03:46,274 INFO     Eyes Open. State: {'open': 1, 'lr': 0, 'left_eye_center': {'x': 494,
                                 'y': 368}}
2022-10-05 18:03:46,274 INFO     Eyes Open. State: {'open': 1, 'lr': 0, 'left_eye_center': {'x': 494,
                                 'y': 368}}
2022-10-05 18:03:46,370 INFO     Eyes Open. State: {'open': 1, 'lr': 0, 'left_eye_center': {'x': 500,
                                 'y': 371}}
2022-10-05 18:03:46,370 INFO     Eyes Open. State: {'open': 1, 'lr': 0, 'left_eye_center': {'x': 500,
                                 'y': 371}}
2022-10-05 18:03:46,463 INFO     Eyes Open. State: {'open': 1, 'lr': 0, 'left_eye_center': {'x': 500,
                                 'y': 371}}
2022-10-05 18:03:46,464 INFO     Eyes Open. State: {'open': 1, 'lr': 0, 'left_eye_center': {'x': 500,
                                 'y': 371}}
2022-10-05 18:03:46,567 INFO     Eyes Open. State: {'open': 1, 'lr': 0, 'left_eye_center': {'x': 500,
                                 'y': 371}}
2022-10-05 18:03:46,568 INFO     Eyes Open. State: {'open': 1, 'lr': 0, 'left_eye_center': {'x': 500,
                                 'y': 371}}
2022-10-05 18:03:46,679 INFO     Eyes Open. State: {'open': 1, 'lr': 0, 'left_eye_center': {'x': 501,
                                 'y': 370}}
2022-10-05 18:03:46,679 INFO     Eyes Open. State: {'open': 1, 'lr': 0, 'left_eye_center': {'x': 501,
                                 'y': 370}}
2022-10-05 18:03:46,780 INFO     Eyes Open. State: {'open': 1, 'lr': 0, 'left_eye_center': {'x': 500,
                                 'y': 370}}
2022-10-05 18:03:46,780 INFO     Eyes Open. State: {'open': 1, 'lr': 0, 'left_eye_center': {'x': 500,
                                 'y': 370}}
2022-10-05 18:03:46,874 INFO     Eyes Open. State: {'open': 1, 'lr': 0, 'left_eye_center': {'x': 501,
                                 'y': 361}}
2022-10-05 18:03:46,875 INFO     Eyes Open. State: {'open': 1, 'lr': 0, 'left_eye_center': {'x': 501,
                                 'y': 361}}
2022-10-05 18:03:46,977 INFO     Eyes Open. State: {'open': 1, 'lr': 0, 'left_eye_center': {'x': 501,
                                 'y': 358}}
2022-10-05 18:03:46,977 INFO     Eyes Open. State: {'open': 1, 'lr': 0, 'left_eye_center': {'x': 501,
                                 'y': 358}}
2022-10-05 18:03:47,078 INFO     Eyes Open. State: {'open': 1, 'lr': 0, 'left_eye_center': {'x': 502,
                                 'y': 357}}
2022-10-05 18:03:47,078 INFO     Eyes Open. State: {'open': 1, 'lr': 0, 'left_eye_center': {'x': 502,
                                 'y': 357}}
2022-10-05 18:03:47,165 INFO     Eyes Open. State: {'open': 1, 'lr': 0, 'left_eye_center': {'x': 506,
                                 'y': 350}}
2022-10-05 18:03:47,165 INFO     Eyes Open. State: {'open': 1, 'lr': 0, 'left_eye_center': {'x': 506,
                                 'y': 350}}
2022-10-05 18:03:47,271 INFO     Eyes Open. State: {'open': 1, 'lr': 0, 'left_eye_center': {'x': 508,
                                 'y': 348}}
2022-10-05 18:03:47,271 INFO     Eyes Open. State: {'open': 1, 'lr': 0, 'left_eye_center': {'x': 508,
                                 'y': 348}}
2022-10-05 18:03:47,362 INFO     Eyes Open. State: {'open': 1, 'lr': 0, 'left_eye_center': {'x': 514,
                                 'y': 340}}
2022-10-05 18:03:47,362 INFO     Eyes Open. State: {'open': 1, 'lr': 0, 'left_eye_center': {'x': 514,
                                 'y': 340}}
2022-10-05 18:03:47,814 INFO     Eyes Open. State: {'open': 1, 'lr': 0, 'left_eye_center': {'x': 512,
                                 'y': 342}}
2022-10-05 18:03:47,814 INFO     Eyes Open. State: {'open': 1, 'lr': 0, 'left_eye_center': {'x': 512,
                                 'y': 342}}
2022-10-05 18:03:47,907 INFO     Eyes Open. State: {'open': 1, 'lr': 0, 'left_eye_center': {'x': 513,
                                 'y': 342}}
2022-10-05 18:03:47,907 INFO     Eyes Open. State: {'open': 1, 'lr': 0, 'left_eye_center': {'x': 513,
                                 'y': 342}}
2022-10-05 18:03:48,010 INFO     Eyes Open. State: {'open': 1, 'lr': 0, 'left_eye_center': {'x': 512,
                                 'y': 343}}
2022-10-05 18:03:48,011 INFO     Eyes Open. State: {'open': 1, 'lr': 0, 'left_eye_center': {'x': 512,
                                 'y': 343}}
2022-10-05 18:03:48,125 INFO     Eyes Open. State: {'open': 1, 'lr': 0, 'left_eye_center': {'x': 510,
                                 'y': 344}}
2022-10-05 18:03:48,125 INFO     Eyes Open. State: {'open': 1, 'lr': 0, 'left_eye_center': {'x': 510,
                                 'y': 344}}
2022-10-05 18:03:48,225 INFO     Eyes Open. State: {'open': 1, 'lr': 0, 'left_eye_center': {'x': 507,
                                 'y': 350}}
2022-10-05 18:03:48,225 INFO     Eyes Open. State: {'open': 1, 'lr': 0, 'left_eye_center': {'x': 507,
                                 'y': 350}}
2022-10-05 18:03:48,341 INFO     Eyes Open. State: {'open': 1, 'lr': 0, 'left_eye_center': {'x': 506,
                                 'y': 352}}
2022-10-05 18:03:48,341 INFO     Eyes Open. State: {'open': 1, 'lr': 0, 'left_eye_center': {'x': 506,
                                 'y': 352}}
2022-10-05 18:03:48,460 INFO     Eyes Open. State: {'open': 1, 'lr': 0, 'left_eye_center': {'x': 505,
                                 'y': 352}}
2022-10-05 18:03:48,460 INFO     Eyes Open. State: {'open': 1, 'lr': 0, 'left_eye_center': {'x': 505,
                                 'y': 352}}
2022-10-05 18:03:48,576 INFO     Eyes Open. State: {'open': 1, 'lr': 0, 'left_eye_center': {'x': 497,
                                 'y': 353}}
2022-10-05 18:03:48,576 INFO     Eyes Open. State: {'open': 1, 'lr': 0, 'left_eye_center': {'x': 497,
                                 'y': 353}}
2022-10-05 18:03:48,676 INFO     Eyes Open. State: {'open': 1, 'lr': 0, 'left_eye_center': {'x': 494,
                                 'y': 355}}
2022-10-05 18:03:48,676 INFO     Eyes Open. State: {'open': 1, 'lr': 0, 'left_eye_center': {'x': 494,
                                 'y': 355}}
2022-10-05 18:03:48,780 INFO     Eyes Open. State: {'open': 1, 'lr': 0, 'left_eye_center': {'x': 493,
                                 'y': 355}}
2022-10-05 18:03:48,780 INFO     Eyes Open. State: {'open': 1, 'lr': 0, 'left_eye_center': {'x': 493,
                                 'y': 355}}
2022-10-05 18:03:48,863 INFO     Eyes Open. State: {'open': 1, 'lr': 0, 'left_eye_center': {'x': 492,
                                 'y': 356}}
2022-10-05 18:03:48,863 INFO     Eyes Open. State: {'open': 1, 'lr': 0, 'left_eye_center': {'x': 492,
                                 'y': 356}}
2022-10-05 18:03:48,959 INFO     Eyes Open. State: {'open': 1, 'lr': 0, 'left_eye_center': {'x': 492,
                                 'y': 355}}
2022-10-05 18:03:48,959 INFO     Eyes Open. State: {'open': 1, 'lr': 0, 'left_eye_center': {'x': 492,
                                 'y': 355}}
2022-10-05 18:03:49,061 INFO     Eyes Open. State: {'open': 1, 'lr': 0, 'left_eye_center': {'x': 490,
                                 'y': 357}}
2022-10-05 18:03:49,061 INFO     Eyes Open. State: {'open': 1, 'lr': 0, 'left_eye_center': {'x': 490,
                                 'y': 357}}
2022-10-05 18:03:49,161 INFO     Eyes Open. State: {'open': 1, 'lr': 0, 'left_eye_center': {'x': 491,
                                 'y': 357}}
2022-10-05 18:03:49,161 INFO     Eyes Open. State: {'open': 1, 'lr': 0, 'left_eye_center': {'x': 491,
                                 'y': 357}}
2022-10-05 18:03:49,260 INFO     Eyes Open. State: {'open': 1, 'lr': 0, 'left_eye_center': {'x': 490,
                                 'y': 357}}
2022-10-05 18:03:49,260 INFO     Eyes Open. State: {'open': 1, 'lr': 0, 'left_eye_center': {'x': 490,
                                 'y': 357}}
2022-10-05 18:03:49,328 INFO     Eyes Open. State: {'open': 1, 'lr': 0, 'left_eye_center': {'x': 490,
                                 'y': 358}}
2022-10-05 18:03:49,328 INFO     Eyes Open. State: {'open': 1, 'lr': 0, 'left_eye_center': {'x': 490,
                                 'y': 358}}
2022-10-05 18:03:49,427 INFO     Eyes Open. State: {'open': 1, 'lr': 0, 'left_eye_center': {'x': 489,
                                 'y': 357}}
2022-10-05 18:03:49,427 INFO     Eyes Open. State: {'open': 1, 'lr': 0, 'left_eye_center': {'x': 489,
                                 'y': 357}}
2022-10-05 18:03:49,527 INFO     Eyes Open. State: {'open': 1, 'lr': 0, 'left_eye_center': {'x': 487,
                                 'y': 357}}
2022-10-05 18:03:49,527 INFO     Eyes Open. State: {'open': 1, 'lr': 0, 'left_eye_center': {'x': 487,
                                 'y': 357}}
2022-10-05 18:03:49,650 INFO     Eyes Open. State: {'open': 1, 'lr': 0, 'left_eye_center': {'x': 487,
                                 'y': 357}}
2022-10-05 18:03:49,650 INFO     Eyes Open. State: {'open': 1, 'lr': 0, 'left_eye_center': {'x': 487,
                                 'y': 357}}
2022-10-05 18:03:49,763 INFO     Eyes Open. State: {'open': 1, 'lr': 0, 'left_eye_center': {'x': 487,
                                 'y': 356}}
2022-10-05 18:03:49,763 INFO     Eyes Open. State: {'open': 1, 'lr': 0, 'left_eye_center': {'x': 487,
                                 'y': 356}}
2022-10-05 18:03:49,847 INFO     Eyes Open. State: {'open': 1, 'lr': 0, 'left_eye_center': {'x': 488,
                                 'y': 357}}
2022-10-05 18:03:49,847 INFO     Eyes Open. State: {'open': 1, 'lr': 0, 'left_eye_center': {'x': 488,
                                 'y': 357}}
2022-10-05 18:03:49,945 INFO     Eyes Open. State: {'open': 1, 'lr': 0, 'left_eye_center': {'x': 488,
                                 'y': 358}}
2022-10-05 18:03:49,945 INFO     Eyes Open. State: {'open': 1, 'lr': 0, 'left_eye_center': {'x': 488,
                                 'y': 358}}
2022-10-05 18:03:50,063 INFO     Eyes Open. State: {'open': 1, 'lr': 0, 'left_eye_center': {'x': 489,
                                 'y': 360}}
2022-10-05 18:03:50,063 INFO     Eyes Closed. State: {'open': 0, 'lr': 0, 'left_eye_center': {'x': 489,
                                 'y': 360}}
2022-10-05 18:03:50,163 INFO     Eyes Closed. State: {'open': 0, 'lr': 0, 'left_eye_center': {'x': 490,
                                 'y': 358}}
2022-10-05 18:03:50,163 INFO     Eyes Open. State: {'open': 1, 'lr': 0, 'left_eye_center': {'x': 490,
                                 'y': 358}}
2022-10-05 18:03:50,263 INFO     Eyes Open. State: {'open': 1, 'lr': 0, 'left_eye_center': {'x': 487,
                                 'y': 358}}
2022-10-05 18:03:50,263 INFO     Eyes Open. State: {'open': 1, 'lr': 0, 'left_eye_center': {'x': 487,
                                 'y': 358}}
2022-10-05 18:03:50,378 INFO     Eyes Open. State: {'open': 1, 'lr': 0, 'left_eye_center': {'x': 489,
                                 'y': 359}}
2022-10-05 18:03:50,378 INFO     Eyes Open. State: {'open': 1, 'lr': 0, 'left_eye_center': {'x': 489,
                                 'y': 359}}
2022-10-05 18:03:50,444 INFO     Eyes Open. State: {'open': 1, 'lr': 0, 'left_eye_center': {'x': 490,
                                 'y': 356}}
2022-10-05 18:03:50,444 INFO     Eyes Open. State: {'open': 1, 'lr': 0, 'left_eye_center': {'x': 490,
                                 'y': 356}}
2022-10-05 18:03:50,563 INFO     Eyes Open. State: {'open': 1, 'lr': 0, 'left_eye_center': {'x': 492,
                                 'y': 354}}
2022-10-05 18:03:50,563 INFO     Eyes Open. State: {'open': 1, 'lr': 0, 'left_eye_center': {'x': 492,
                                 'y': 354}}
2022-10-05 18:03:50,679 INFO     Eyes Open. State: {'open': 1, 'lr': 0, 'left_eye_center': {'x': 492,
                                 'y': 353}}
2022-10-05 18:03:50,679 INFO     Eyes Open. State: {'open': 1, 'lr': 0, 'left_eye_center': {'x': 492,
                                 'y': 353}}
2022-10-05 18:03:50,779 INFO     Eyes Open. State: {'open': 1, 'lr': 0, 'left_eye_center': {'x': 491,
                                 'y': 354}}
2022-10-05 18:03:50,779 INFO     Eyes Open. State: {'open': 1, 'lr': 0, 'left_eye_center': {'x': 491,
                                 'y': 354}}
2022-10-05 18:03:50,879 INFO     Eyes Open. State: {'open': 1, 'lr': 0, 'left_eye_center': {'x': 487,
                                 'y': 358}}
2022-10-05 18:03:50,879 INFO     Eyes Open. State: {'open': 1, 'lr': 0, 'left_eye_center': {'x': 487,
                                 'y': 358}}
2022-10-05 18:03:50,979 INFO     Eyes Open. State: {'open': 1, 'lr': 0, 'left_eye_center': {'x': 485,
                                 'y': 358}}
2022-10-05 18:03:50,979 INFO     Eyes Open. State: {'open': 1, 'lr': 0, 'left_eye_center': {'x': 485,
                                 'y': 358}}
2022-10-05 18:03:51,079 INFO     Eyes Open. State: {'open': 1, 'lr': 0, 'left_eye_center': {'x': 484,
                                 'y': 359}}
2022-10-05 18:03:51,079 INFO     Eyes Open. State: {'open': 1, 'lr': 0, 'left_eye_center': {'x': 484,
                                 'y': 359}}
2022-10-05 18:03:51,163 INFO     Eyes Open. State: {'open': 1, 'lr': 0, 'left_eye_center': {'x': 482,
                                 'y': 360}}
2022-10-05 18:03:51,163 INFO     Eyes Open. State: {'open': 1, 'lr': 0, 'left_eye_center': {'x': 482,
                                 'y': 360}}
2022-10-05 18:03:51,248 INFO     Eyes Open. State: {'open': 1, 'lr': 0, 'left_eye_center': {'x': 479,
                                 'y': 363}}
2022-10-05 18:03:51,248 INFO     Eyes Open. State: {'open': 1, 'lr': 0, 'left_eye_center': {'x': 479,
                                 'y': 363}}
2022-10-05 18:03:51,363 INFO     Eyes Open. State: {'open': 1, 'lr': 0, 'left_eye_center': {'x': 480,
                                 'y': 363}}
2022-10-05 18:03:51,363 INFO     Eyes Open. State: {'open': 1, 'lr': 0, 'left_eye_center': {'x': 480,
                                 'y': 363}}
2022-10-05 18:03:51,463 INFO     Eyes Open. State: {'open': 1, 'lr': 0, 'left_eye_center': {'x': 479,
                                 'y': 364}}
2022-10-05 18:03:51,463 INFO     Eyes Open. State: {'open': 1, 'lr': 0, 'left_eye_center': {'x': 479,
                                 'y': 364}}
2022-10-05 18:03:51,545 INFO     Eyes Open. State: {'open': 1, 'lr': 0, 'left_eye_center': {'x': 479,
                                 'y': 365}}
2022-10-05 18:03:51,545 INFO     Eyes Open. State: {'open': 1, 'lr': 0, 'left_eye_center': {'x': 479,
                                 'y': 365}}
2022-10-05 18:03:51,650 INFO     Eyes Open. State: {'open': 1, 'lr': 0, 'left_eye_center': {'x': 479,
                                 'y': 364}}
2022-10-05 18:03:51,650 INFO     Eyes Open. State: {'open': 1, 'lr': 0, 'left_eye_center': {'x': 479,
                                 'y': 364}}
2022-10-05 18:03:51,764 INFO     Eyes Open. State: {'open': 1, 'lr': 0, 'left_eye_center': {'x': 479,
                                 'y': 365}}
2022-10-05 18:03:51,764 INFO     Eyes Open. State: {'open': 1, 'lr': 0, 'left_eye_center': {'x': 479,
                                 'y': 365}}
2022-10-05 18:03:51,847 INFO     Eyes Open. State: {'open': 1, 'lr': 0, 'left_eye_center': {'x': 479,
                                 'y': 369}}
2022-10-05 18:03:51,847 INFO     Eyes Open. State: {'open': 1, 'lr': 0, 'left_eye_center': {'x': 479,
                                 'y': 369}}
2022-10-05 18:03:51,965 INFO     Eyes Open. State: {'open': 1, 'lr': 0, 'left_eye_center': {'x': 479,
                                 'y': 371}}
2022-10-05 18:03:51,965 INFO     Eyes Closed. State: {'open': 0, 'lr': 0, 'left_eye_center': {'x': 479,
                                 'y': 371}}
2022-10-05 18:03:52,065 INFO     Eyes Closed. State: {'open': 0, 'lr': 0, 'left_eye_center': {'x': 481,
                                 'y': 371}}
2022-10-05 18:03:52,065 INFO     Eyes Closed. State: {'open': 0, 'lr': 0, 'left_eye_center': {'x': 481,
                                 'y': 371}}
2022-10-05 18:03:52,165 INFO     Eyes Closed. State: {'open': 0, 'lr': 0, 'left_eye_center': {'x': 480,
                                 'y': 371}}
2022-10-05 18:03:52,165 INFO     Eyes Open. State: {'open': 1, 'lr': 0, 'left_eye_center': {'x': 480,
                                 'y': 371}}
2022-10-05 18:03:52,280 INFO     Eyes Open. State: {'open': 1, 'lr': 0, 'left_eye_center': {'x': 480,
                                 'y': 368}}
2022-10-05 18:03:52,280 INFO     Eyes Open. State: {'open': 1, 'lr': 0, 'left_eye_center': {'x': 480,
                                 'y': 368}}
2022-10-05 18:03:52,385 INFO     Eyes Open. State: {'open': 1, 'lr': 0, 'left_eye_center': {'x': 480,
                                 'y': 366}}
2022-10-05 18:03:52,385 INFO     Eyes Open. State: {'open': 1, 'lr': 0, 'left_eye_center': {'x': 480,
                                 'y': 366}}
2022-10-05 18:03:52,497 INFO     Eyes Open. State: {'open': 1, 'lr': 0, 'left_eye_center': {'x': 480,
                                 'y': 366}}
2022-10-05 18:03:52,497 INFO     Eyes Open. State: {'open': 1, 'lr': 0, 'left_eye_center': {'x': 480,
                                 'y': 366}}
2022-10-05 18:03:52,602 INFO     Eyes Open. State: {'open': 1, 'lr': 0, 'left_eye_center': {'x': 479,
                                 'y': 366}}
2022-10-05 18:03:52,602 INFO     Eyes Open. State: {'open': 1, 'lr': 0, 'left_eye_center': {'x': 479,
                                 'y': 366}}
2022-10-05 18:03:52,702 INFO     Eyes Open. State: {'open': 1, 'lr': 0, 'left_eye_center': {'x': 479,
                                 'y': 367}}
2022-10-05 18:03:52,702 INFO     Eyes Open. State: {'open': 1, 'lr': 0, 'left_eye_center': {'x': 479,
                                 'y': 367}}
2022-10-05 18:03:52,800 INFO     Eyes Open. State: {'open': 1, 'lr': 0, 'left_eye_center': {'x': 481,
                                 'y': 366}}
2022-10-05 18:03:52,800 INFO     Eyes Open. State: {'open': 1, 'lr': 0, 'left_eye_center': {'x': 481,
                                 'y': 366}}
2022-10-05 18:03:52,903 INFO     Eyes Open. State: {'open': 1, 'lr': 0, 'left_eye_center': {'x': 482,
                                 'y': 365}}
2022-10-05 18:03:52,903 INFO     Eyes Open. State: {'open': 1, 'lr': 0, 'left_eye_center': {'x': 482,
                                 'y': 365}}
2022-10-05 18:03:53,035 INFO     Eyes Open. State: {'open': 1, 'lr': 0, 'left_eye_center': {'x': 482,
                                 'y': 365}}
2022-10-05 18:03:53,035 INFO     Eyes Open. State: {'open': 1, 'lr': 0, 'left_eye_center': {'x': 482,
                                 'y': 365}}
2022-10-05 18:03:53,104 INFO     Eyes Open. State: {'open': 1, 'lr': 0, 'left_eye_center': {'x': 488,
                                 'y': 359}}
2022-10-05 18:03:53,104 INFO     Eyes Open. State: {'open': 1, 'lr': 0, 'left_eye_center': {'x': 488,
                                 'y': 359}}
2022-10-05 18:03:53,204 INFO     Eyes Open. State: {'open': 1, 'lr': 0, 'left_eye_center': {'x': 491,
                                 'y': 357}}
2022-10-05 18:03:53,204 INFO     Eyes Open. State: {'open': 1, 'lr': 0, 'left_eye_center': {'x': 491,
                                 'y': 357}}
2022-10-05 18:03:53,319 INFO     Eyes Open. State: {'open': 1, 'lr': 0, 'left_eye_center': {'x': 492,
                                 'y': 357}}
2022-10-05 18:03:53,319 INFO     Eyes Open. State: {'open': 1, 'lr': 0, 'left_eye_center': {'x': 492,
                                 'y': 357}}
2022-10-05 18:03:53,435 INFO     Eyes Open. State: {'open': 1, 'lr': 0, 'left_eye_center': {'x': 494,
                                 'y': 358}}
2022-10-05 18:03:53,435 INFO     Eyes Open. State: {'open': 1, 'lr': 0, 'left_eye_center': {'x': 494,
                                 'y': 358}}
2022-10-05 18:03:53,536 INFO     Eyes Open. State: {'open': 1, 'lr': 0, 'left_eye_center': {'x': 495,
                                 'y': 358}}
2022-10-05 18:03:53,536 INFO     Eyes Open. State: {'open': 1, 'lr': 0, 'left_eye_center': {'x': 495,
                                 'y': 358}}
2022-10-05 18:03:53,635 INFO     Eyes Open. State: {'open': 1, 'lr': 0, 'left_eye_center': {'x': 495,
                                 'y': 358}}
2022-10-05 18:03:53,635 INFO     Eyes Open. State: {'open': 1, 'lr': 0, 'left_eye_center': {'x': 495,
                                 'y': 358}}
2022-10-05 18:03:53,731 INFO     Eyes Open. State: {'open': 1, 'lr': 0, 'left_eye_center': {'x': 494,
                                 'y': 358}}
2022-10-05 18:03:53,731 INFO     Eyes Open. State: {'open': 1, 'lr': 0, 'left_eye_center': {'x': 494,
                                 'y': 358}}
2022-10-05 18:03:53,820 INFO     Eyes Open. State: {'open': 1, 'lr': 0, 'left_eye_center': {'x': 493,
                                 'y': 359}}
2022-10-05 18:03:53,820 INFO     Eyes Open. State: {'open': 1, 'lr': 0, 'left_eye_center': {'x': 493,
                                 'y': 359}}
2022-10-05 18:03:53,923 INFO     Eyes Open. State: {'open': 1, 'lr': 0, 'left_eye_center': {'x': 493,
                                 'y': 359}}
2022-10-05 18:03:53,923 INFO     Eyes Open. State: {'open': 1, 'lr': 0, 'left_eye_center': {'x': 493,
                                 'y': 359}}
2022-10-05 18:03:54,036 INFO     Eyes Open. State: {'open': 1, 'lr': 0, 'left_eye_center': {'x': 491,
                                 'y': 359}}
2022-10-05 18:03:54,036 INFO     Eyes Open. State: {'open': 1, 'lr': 0, 'left_eye_center': {'x': 491,
                                 'y': 359}}
2022-10-05 18:03:54,135 INFO     Eyes Open. State: {'open': 1, 'lr': 0, 'left_eye_center': {'x': 482,
                                 'y': 362}}
2022-10-05 18:03:54,135 INFO     Eyes Open. State: {'open': 1, 'lr': 0, 'left_eye_center': {'x': 482,
                                 'y': 362}}
2022-10-05 18:03:54,220 INFO     Eyes Open. State: {'open': 1, 'lr': 0, 'left_eye_center': {'x': 482,
                                 'y': 363}}
2022-10-05 18:03:54,220 INFO     Eyes Open. State: {'open': 1, 'lr': 0, 'left_eye_center': {'x': 482,
                                 'y': 363}}
2022-10-05 18:03:54,337 INFO     Eyes Open. State: {'open': 1, 'lr': 0, 'left_eye_center': {'x': 481,
                                 'y': 366}}
2022-10-05 18:03:54,337 INFO     Eyes Open. State: {'open': 1, 'lr': 0, 'left_eye_center': {'x': 481,
                                 'y': 366}}
2022-10-05 18:03:54,422 INFO     Eyes Open. State: {'open': 1, 'lr': 0, 'left_eye_center': {'x': 482,
                                 'y': 366}}
2022-10-05 18:03:54,438 INFO     Eyes Open. State: {'open': 1, 'lr': 0, 'left_eye_center': {'x': 482,
                                 'y': 366}}
2022-10-05 18:03:54,554 INFO     Eyes Open. State: {'open': 1, 'lr': 0, 'left_eye_center': {'x': 481,
                                 'y': 367}}
2022-10-05 18:03:54,554 INFO     Eyes Open. State: {'open': 1, 'lr': 0, 'left_eye_center': {'x': 481,
                                 'y': 367}}
2022-10-05 18:03:54,638 INFO     Eyes Open. State: {'open': 1, 'lr': 0, 'left_eye_center': {'x': 481,
                                 'y': 368}}
2022-10-05 18:03:54,638 INFO     Eyes Open. State: {'open': 1, 'lr': 0, 'left_eye_center': {'x': 481,
                                 'y': 368}}
2022-10-05 18:03:54,738 INFO     Eyes Open. State: {'open': 1, 'lr': 0, 'left_eye_center': {'x': 482,
                                 'y': 368}}
2022-10-05 18:03:54,738 INFO     Eyes Open. State: {'open': 1, 'lr': 0, 'left_eye_center': {'x': 482,
                                 'y': 368}}
2022-10-05 18:03:54,823 INFO     Eyes Open. State: {'open': 1, 'lr': 0, 'left_eye_center': {'x': 482,
                                 'y': 367}}
2022-10-05 18:03:54,823 INFO     Eyes Open. State: {'open': 1, 'lr': 0, 'left_eye_center': {'x': 482,
                                 'y': 367}}
2022-10-05 18:03:54,926 INFO     Eyes Open. State: {'open': 1, 'lr': 0, 'left_eye_center': {'x': 479,
                                 'y': 366}}
2022-10-05 18:03:54,926 INFO     Eyes Open. State: {'open': 1, 'lr': 0, 'left_eye_center': {'x': 479,
                                 'y': 366}}
2022-10-05 18:03:55,025 INFO     Eyes Open. State: {'open': 1, 'lr': 0, 'left_eye_center': {'x': 479,
                                 'y': 366}}
2022-10-05 18:03:55,025 INFO     Eyes Open. State: {'open': 1, 'lr': 0, 'left_eye_center': {'x': 479,
                                 'y': 366}}
2022-10-05 18:03:55,157 INFO     Eyes Open. State: {'open': 1, 'lr': 0, 'left_eye_center': {'x': 483,
                                 'y': 366}}
2022-10-05 18:03:55,157 INFO     Eyes Open. State: {'open': 1, 'lr': 0, 'left_eye_center': {'x': 483,
                                 'y': 366}}
2022-10-05 18:03:55,241 INFO     Eyes Open. State: {'open': 1, 'lr': 0, 'left_eye_center': {'x': 484,
                                 'y': 365}}
2022-10-05 18:03:55,241 INFO     Eyes Open. State: {'open': 1, 'lr': 0, 'left_eye_center': {'x': 484,
                                 'y': 365}}
2022-10-05 18:03:55,357 INFO     Eyes Open. State: {'open': 1, 'lr': 0, 'left_eye_center': {'x': 490,
                                 'y': 365}}
2022-10-05 18:03:55,357 INFO     Eyes Open. State: {'open': 1, 'lr': 0, 'left_eye_center': {'x': 490,
                                 'y': 365}}
2022-10-05 18:03:55,476 INFO     Eyes Open. State: {'open': 1, 'lr': 0, 'left_eye_center': {'x': 496,
                                 'y': 359}}
2022-10-05 18:03:55,476 INFO     Eyes Open. State: {'open': 1, 'lr': 0, 'left_eye_center': {'x': 496,
                                 'y': 359}}
2022-10-05 18:03:55,592 INFO     Eyes Open. State: {'open': 1, 'lr': 0, 'left_eye_center': {'x': 492,
                                 'y': 345}}
2022-10-05 18:03:55,592 INFO     Eyes Open. State: {'open': 1, 'lr': 0, 'left_eye_center': {'x': 492,
                                 'y': 345}}
2022-10-05 18:03:55,723 INFO     Eyes Open. State: {'open': 1, 'lr': 0, 'left_eye_center': {'x': 486,
                                 'y': 341}}
2022-10-05 18:03:55,723 INFO     Eyes Open. State: {'open': 1, 'lr': 0, 'left_eye_center': {'x': 486,
                                 'y': 341}}
2022-10-05 18:03:55,826 INFO     Eyes Open. State: {'open': 1, 'lr': 0, 'left_eye_center': {'x': 453,
                                 'y': 331}}
2022-10-05 18:03:55,826 INFO     Eyes Open. State: {'open': 1, 'lr': 0, 'left_eye_center': {'x': 453,
                                 'y': 331}}
2022-10-05 18:03:55,958 INFO     Eyes Open. State: {'open': 1, 'lr': 0, 'left_eye_center': {'x': 402,
                                 'y': 303}}
2022-10-05 18:03:55,958 INFO     Eyes Open. State: {'open': 1, 'lr': 0, 'left_eye_center': {'x': 402,
                                 'y': 303}}
2022-10-05 18:03:56,043 INFO     Eyes Open. State: {'open': 1, 'lr': 0, 'left_eye_center': {'x': 360,
                                 'y': 280}}
2022-10-05 18:03:56,043 INFO     Eyes Open. State: {'open': 1, 'lr': 0, 'left_eye_center': {'x': 360,
                                 'y': 280}}
2022-10-05 18:03:56,128 INFO     Eyes Open. State: {'open': 1, 'lr': 0, 'left_eye_center': {'x': 320,
                                 'y': 268}}
2022-10-05 18:03:56,128 INFO     Eyes Open. State: {'open': 1, 'lr': 0, 'left_eye_center': {'x': 320,
                                 'y': 268}}
2022-10-05 18:03:56,228 INFO     Eyes Open. State: {'open': 1, 'lr': 0, 'left_eye_center': {'x': 312,
                                 'y': 268}}
2022-10-05 18:03:56,228 INFO     Eyes Open. State: {'open': 1, 'lr': 0, 'left_eye_center': {'x': 312,
                                 'y': 268}}
2022-10-05 18:03:56,328 INFO     Eyes Open. State: {'open': 1, 'lr': 0, 'left_eye_center': {'x': 288,
                                 'y': 270}}
2022-10-05 18:03:56,328 INFO     Eyes Open. State: {'open': 1, 'lr': 0, 'left_eye_center': {'x': 288,
                                 'y': 270}}
2022-10-05 18:03:56,413 INFO     Eyes Open. State: {'open': 1, 'lr': 0, 'left_eye_center': {'x': 281,
                                 'y': 277}}
2022-10-05 18:03:56,413 INFO     Eyes Open. State: {'open': 1, 'lr': 0, 'left_eye_center': {'x': 281,
                                 'y': 277}}
2022-10-05 18:03:56,528 INFO     Eyes Open. State: {'open': 1, 'lr': 0, 'left_eye_center': {'x': 284,
                                 'y': 277}}
2022-10-05 18:03:56,528 INFO     Eyes Open. State: {'open': 1, 'lr': 0, 'left_eye_center': {'x': 284,
                                 'y': 277}}
2022-10-05 18:03:56,647 INFO     Eyes Open. State: {'open': 1, 'lr': 0, 'left_eye_center': {'x': 292,
                                 'y': 280}}
2022-10-05 18:03:56,647 INFO     Eyes Open. State: {'open': 1, 'lr': 0, 'left_eye_center': {'x': 292,
                                 'y': 280}}
2022-10-05 18:03:56,730 INFO     Eyes Open. State: {'open': 1, 'lr': 0, 'left_eye_center': {'x': 300,
                                 'y': 281}}
2022-10-05 18:03:56,730 INFO     Eyes Open. State: {'open': 1, 'lr': 0, 'left_eye_center': {'x': 300,
                                 'y': 281}}
2022-10-05 18:03:56,844 INFO     Eyes Open. State: {'open': 1, 'lr': 0, 'left_eye_center': {'x': 300,
                                 'y': 282}}
2022-10-05 18:03:56,844 INFO     Eyes Open. State: {'open': 1, 'lr': 0, 'left_eye_center': {'x': 300,
                                 'y': 282}}
2022-10-05 18:03:56,914 INFO     Eyes Open. State: {'open': 1, 'lr': 0, 'left_eye_center': {'x': 305,
                                 'y': 282}}
2022-10-05 18:03:56,915 INFO     Eyes Open. State: {'open': 1, 'lr': 0, 'left_eye_center': {'x': 305,
                                 'y': 282}}
2022-10-05 18:03:56,997 INFO     Eyes Open. State: {'open': 1, 'lr': 0, 'left_eye_center': {'x': 305,
                                 'y': 282}}
2022-10-05 18:03:56,997 INFO     Eyes Open. State: {'open': 1, 'lr': 0, 'left_eye_center': {'x': 305,
                                 'y': 282}}
2022-10-05 18:03:57,096 INFO     Eyes Open. State: {'open': 1, 'lr': 0, 'left_eye_center': {'x': 306,
                                 'y': 285}}
2022-10-05 18:03:57,096 INFO     Eyes Open. State: {'open': 1, 'lr': 0, 'left_eye_center': {'x': 306,
                                 'y': 285}}
2022-10-05 18:03:57,179 INFO     Eyes Open. State: {'open': 1, 'lr': 0, 'left_eye_center': {'x': 309,
                                 'y': 286}}
2022-10-05 18:03:57,179 INFO     Eyes Open. State: {'open': 1, 'lr': 0, 'left_eye_center': {'x': 309,
                                 'y': 286}}
2022-10-05 18:03:57,295 INFO     Eyes Open. State: {'open': 1, 'lr': 0, 'left_eye_center': {'x': 309,
                                 'y': 286}}
2022-10-05 18:03:57,295 INFO     Eyes Open. State: {'open': 1, 'lr': 0, 'left_eye_center': {'x': 309,
                                 'y': 286}}
2022-10-05 18:03:57,395 INFO     Eyes Open. State: {'open': 1, 'lr': 0, 'left_eye_center': {'x': 311,
                                 'y': 286}}
2022-10-05 18:03:57,395 INFO     Eyes Open. State: {'open': 1, 'lr': 0, 'left_eye_center': {'x': 311,
                                 'y': 286}}
2022-10-05 18:03:57,480 INFO     Eyes Open. State: {'open': 1, 'lr': 0, 'left_eye_center': {'x': 311,
                                 'y': 287}}
2022-10-05 18:03:57,480 INFO     Eyes Open. State: {'open': 1, 'lr': 0, 'left_eye_center': {'x': 311,
                                 'y': 287}}
2022-10-05 18:03:57,595 INFO     Eyes Open. State: {'open': 1, 'lr': 0, 'left_eye_center': {'x': 314,
                                 'y': 287}}
2022-10-05 18:03:57,595 INFO     Eyes Open. State: {'open': 1, 'lr': 0, 'left_eye_center': {'x': 314,
                                 'y': 287}}
2022-10-05 18:03:57,696 INFO     Eyes Open. State: {'open': 1, 'lr': 0, 'left_eye_center': {'x': 319,
                                 'y': 288}}
2022-10-05 18:03:57,696 INFO     Eyes Open. State: {'open': 1, 'lr': 0, 'left_eye_center': {'x': 319,
                                 'y': 288}}
2022-10-05 18:03:57,796 INFO     Eyes Open. State: {'open': 1, 'lr': 0, 'left_eye_center': {'x': 334,
                                 'y': 289}}
2022-10-05 18:03:57,796 INFO     Eyes Open. State: {'open': 1, 'lr': 0, 'left_eye_center': {'x': 334,
                                 'y': 289}}
2022-10-05 18:03:57,896 INFO     Eyes Open. State: {'open': 1, 'lr': 0, 'left_eye_center': {'x': 343,
                                 'y': 288}}
2022-10-05 18:03:57,896 INFO     Eyes Open. State: {'open': 1, 'lr': 0, 'left_eye_center': {'x': 343,
                                 'y': 288}}
2022-10-05 18:03:57,996 INFO     Eyes Open. State: {'open': 1, 'lr': 0, 'left_eye_center': {'x': 404,
                                 'y': 287}}
2022-10-05 18:03:57,996 INFO     Eyes Open. State: {'open': 1, 'lr': 0, 'left_eye_center': {'x': 404,
                                 'y': 287}}
2022-10-05 18:03:58,081 INFO     Eyes Open. State: {'open': 1, 'lr': 0, 'left_eye_center': {'x': 489,
                                 'y': 294}}
2022-10-05 18:03:58,081 INFO     Eyes Open. State: {'open': 1, 'lr': 0, 'left_eye_center': {'x': 489,
                                 'y': 294}}
2022-10-05 18:03:58,181 INFO     Eyes Open. State: {'open': 1, 'lr': 0, 'left_eye_center': {'x': 510,
                                 'y': 296}}
2022-10-05 18:03:58,181 INFO     Eyes Open. State: {'open': 1, 'lr': 0, 'left_eye_center': {'x': 510,
                                 'y': 296}}
2022-10-05 18:03:58,262 INFO     Eyes Open. State: {'open': 1, 'lr': 0, 'left_eye_center': {'x': 597,
                                 'y': 308}}
2022-10-05 18:03:58,262 INFO     Eyes Open. State: {'open': 1, 'lr': 0, 'left_eye_center': {'x': 597,
                                 'y': 308}}
2022-10-05 18:03:58,364 INFO     Eyes Open. State: {'open': 1, 'lr': 0, 'left_eye_center': {'x': 623,
                                 'y': 316}}
2022-10-05 18:03:58,364 INFO     Eyes Open. State: {'open': 1, 'lr': 0, 'left_eye_center': {'x': 623,
                                 'y': 316}}
2022-10-05 18:03:58,463 INFO     Eyes Open. State: {'open': 1, 'lr': 0, 'left_eye_center': {'x': 667,
                                 'y': 328}}
2022-10-05 18:03:58,463 INFO     Eyes Open. State: {'open': 1, 'lr': 0, 'left_eye_center': {'x': 667,
                                 'y': 328}}
2022-10-05 18:03:58,549 INFO     Eyes Open. State: {'open': 1, 'lr': 0, 'left_eye_center': {'x': 648,
                                 'y': 332}}
2022-10-05 18:03:58,549 INFO     Eyes Open. State: {'open': 1, 'lr': 0, 'left_eye_center': {'x': 648,
                                 'y': 332}}
2022-10-05 18:03:58,663 INFO     Eyes Open. State: {'open': 1, 'lr': 0, 'left_eye_center': {'x': 644,
                                 'y': 332}}
2022-10-05 18:03:58,663 INFO     Eyes Open. State: {'open': 1, 'lr': 0, 'left_eye_center': {'x': 644,
                                 'y': 332}}
2022-10-05 18:03:58,783 INFO     Eyes Open. State: {'open': 1, 'lr': 0, 'left_eye_center': {'x': 639,
                                 'y': 331}}
2022-10-05 18:03:58,783 INFO     Eyes Open. State: {'open': 1, 'lr': 0, 'left_eye_center': {'x': 639,
                                 'y': 331}}
2022-10-05 18:03:58,883 INFO     Eyes Open. State: {'open': 1, 'lr': 0, 'left_eye_center': {'x': 634,
                                 'y': 327}}
2022-10-05 18:03:58,883 INFO     Eyes Open. State: {'open': 1, 'lr': 0, 'left_eye_center': {'x': 634,
                                 'y': 327}}
2022-10-05 18:03:58,964 INFO     Eyes Open. State: {'open': 1, 'lr': 0, 'left_eye_center': {'x': 632,
                                 'y': 325}}
2022-10-05 18:03:58,964 INFO     Eyes Open. State: {'open': 1, 'lr': 0, 'left_eye_center': {'x': 632,
                                 'y': 325}}
2022-10-05 18:03:59,032 INFO     Eyes Open. State: {'open': 1, 'lr': 0, 'left_eye_center': {'x': 633,
                                 'y': 315}}
2022-10-05 18:03:59,032 INFO     Eyes Open. State: {'open': 1, 'lr': 0, 'left_eye_center': {'x': 633,
                                 'y': 315}}
2022-10-05 18:03:59,120 INFO     Eyes Open. State: {'open': 1, 'lr': 0, 'left_eye_center': {'x': 631,
                                 'y': 314}}
2022-10-05 18:03:59,120 INFO     Eyes Open. State: {'open': 1, 'lr': 0, 'left_eye_center': {'x': 631,
                                 'y': 314}}
2022-10-05 18:03:59,218 INFO     Eyes Open. State: {'open': 1, 'lr': 0, 'left_eye_center': {'x': 620,
                                 'y': 308}}
2022-10-05 18:03:59,218 INFO     Eyes Open. State: {'open': 1, 'lr': 0, 'left_eye_center': {'x': 620,
                                 'y': 308}}
2022-10-05 18:03:59,334 INFO     Eyes Open. State: {'open': 1, 'lr': 0, 'left_eye_center': {'x': 605,
                                 'y': 308}}
2022-10-05 18:03:59,334 INFO     Eyes Open. State: {'open': 1, 'lr': 0, 'left_eye_center': {'x': 605,
                                 'y': 308}}
2022-10-05 18:03:59,434 INFO     Eyes Open. State: {'open': 1, 'lr': 0, 'left_eye_center': {'x': 597,
                                 'y': 308}}
2022-10-05 18:03:59,434 INFO     Eyes Open. State: {'open': 1, 'lr': 0, 'left_eye_center': {'x': 597,
                                 'y': 308}}
2022-10-05 18:03:59,535 INFO     Eyes Open. State: {'open': 1, 'lr': 0, 'left_eye_center': {'x': 595,
                                 'y': 307}}
2022-10-05 18:03:59,535 INFO     Eyes Open. State: {'open': 1, 'lr': 0, 'left_eye_center': {'x': 595,
                                 'y': 307}}
2022-10-05 18:03:59,635 INFO     Eyes Open. State: {'open': 1, 'lr': 0, 'left_eye_center': {'x': 594,
                                 'y': 307}}
2022-10-05 18:03:59,635 INFO     Eyes Open. State: {'open': 1, 'lr': 0, 'left_eye_center': {'x': 594,
                                 'y': 307}}
2022-10-05 18:03:59,734 INFO     Eyes Open. State: {'open': 1, 'lr': 0, 'left_eye_center': {'x': 597,
                                 'y': 305}}
2022-10-05 18:03:59,734 INFO     Eyes Open. State: {'open': 1, 'lr': 0, 'left_eye_center': {'x': 597,
                                 'y': 305}}
2022-10-05 18:03:59,851 INFO     Eyes Open. State: {'open': 1, 'lr': 0, 'left_eye_center': {'x': 598,
                                 'y': 304}}
2022-10-05 18:03:59,851 INFO     Eyes Open. State: {'open': 1, 'lr': 0, 'left_eye_center': {'x': 598,
                                 'y': 304}}
2022-10-05 18:03:59,951 INFO     Eyes Open. State: {'open': 1, 'lr': 0, 'left_eye_center': {'x': 597,
                                 'y': 305}}
2022-10-05 18:03:59,951 INFO     Eyes Open. State: {'open': 1, 'lr': 0, 'left_eye_center': {'x': 597,
                                 'y': 305}}
2022-10-05 18:04:00,050 INFO     Eyes Open. State: {'open': 1, 'lr': 0, 'left_eye_center': {'x': 596,
                                 'y': 307}}
2022-10-05 18:04:00,050 INFO     Eyes Open. State: {'open': 1, 'lr': 0, 'left_eye_center': {'x': 596,
                                 'y': 307}}
2022-10-05 18:04:00,150 INFO     Eyes Open. State: {'open': 1, 'lr': 0, 'left_eye_center': {'x': 583,
                                 'y': 308}}
2022-10-05 18:04:00,150 INFO     Eyes Open. State: {'open': 1, 'lr': 0, 'left_eye_center': {'x': 583,
                                 'y': 308}}
2022-10-05 18:04:00,250 INFO     Eyes Open. State: {'open': 1, 'lr': 0, 'left_eye_center': {'x': 580,
                                 'y': 308}}
2022-10-05 18:04:00,250 INFO     Eyes Open. State: {'open': 1, 'lr': 0, 'left_eye_center': {'x': 580,
                                 'y': 308}}
2022-10-05 18:04:00,352 INFO     Eyes Open. State: {'open': 1, 'lr': 0, 'left_eye_center': {'x': 560,
                                 'y': 312}}
2022-10-05 18:04:00,352 INFO     Eyes Open. State: {'open': 1, 'lr': 0, 'left_eye_center': {'x': 560,
                                 'y': 312}}
2022-10-05 18:04:00,451 INFO     Eyes Open. State: {'open': 1, 'lr': 0, 'left_eye_center': {'x': 554,
                                 'y': 311}}
2022-10-05 18:04:00,451 INFO     Eyes Open. State: {'open': 1, 'lr': 0, 'left_eye_center': {'x': 554,
                                 'y': 311}}
2022-10-05 18:04:00,567 INFO     Eyes Open. State: {'open': 1, 'lr': 0, 'left_eye_center': {'x': 547,
                                 'y': 312}}
2022-10-05 18:04:00,567 INFO     Eyes Open. State: {'open': 1, 'lr': 0, 'left_eye_center': {'x': 547,
                                 'y': 312}}
2022-10-05 18:04:00,666 INFO     Eyes Open. State: {'open': 1, 'lr': 0, 'left_eye_center': {'x': 545,
                                 'y': 313}}
2022-10-05 18:04:00,666 INFO     Eyes Open. State: {'open': 1, 'lr': 0, 'left_eye_center': {'x': 545,
                                 'y': 313}}
2022-10-05 18:04:00,771 INFO     Eyes Open. State: {'open': 1, 'lr': 0, 'left_eye_center': {'x': 544,
                                 'y': 313}}
2022-10-05 18:04:00,771 INFO     Eyes Open. State: {'open': 1, 'lr': 0, 'left_eye_center': {'x': 544,
                                 'y': 313}}
2022-10-05 18:04:00,868 INFO     Eyes Open. State: {'open': 1, 'lr': 0, 'left_eye_center': {'x': 544,
                                 'y': 314}}
2022-10-05 18:04:00,868 INFO     Eyes Open. State: {'open': 1, 'lr': 0, 'left_eye_center': {'x': 544,
                                 'y': 314}}
2022-10-05 18:04:00,973 INFO     Eyes Open. State: {'open': 1, 'lr': 0, 'left_eye_center': {'x': 543,
                                 'y': 314}}
2022-10-05 18:04:00,973 INFO     Eyes Open. State: {'open': 1, 'lr': 0, 'left_eye_center': {'x': 543,
                                 'y': 314}}
2022-10-05 18:04:01,067 INFO     Eyes Open. State: {'open': 1, 'lr': 0, 'left_eye_center': {'x': 543,
                                 'y': 319}}
2022-10-05 18:04:01,067 INFO     Eyes Closed. State: {'open': 0, 'lr': 0, 'left_eye_center': {'x': 543,
                                 'y': 319}}
2022-10-05 18:04:01,151 INFO     Eyes Closed. State: {'open': 0, 'lr': 0, 'left_eye_center': {'x': 542,
                                 'y': 314}}
2022-10-05 18:04:01,151 INFO     Eyes Open. State: {'open': 1, 'lr': 0, 'left_eye_center': {'x': 542,
                                 'y': 314}}
2022-10-05 18:04:01,268 INFO     Eyes Open. State: {'open': 1, 'lr': 0, 'left_eye_center': {'x': 543,
                                 'y': 316}}
2022-10-05 18:04:01,268 INFO     Eyes Closed. State: {'open': 0, 'lr': 0, 'left_eye_center': {'x': 543,
                                 'y': 316}}
2022-10-05 18:04:01,387 INFO     Eyes Closed. State: {'open': 0, 'lr': 0, 'left_eye_center': {'x': 543,
                                 'y': 314}}
2022-10-05 18:04:01,387 INFO     Eyes Open. State: {'open': 1, 'lr': 0, 'left_eye_center': {'x': 543,
                                 'y': 314}}
2022-10-05 18:04:01,487 INFO     Eyes Open. State: {'open': 1, 'lr': 0, 'left_eye_center': {'x': 544,
                                 'y': 313}}
2022-10-05 18:04:01,503 INFO     Eyes Open. State: {'open': 1, 'lr': 0, 'left_eye_center': {'x': 544,
                                 'y': 313}}
2022-10-05 18:04:01,603 INFO     Eyes Open. State: {'open': 1, 'lr': 0, 'left_eye_center': {'x': 543,
                                 'y': 312}}
2022-10-05 18:04:01,603 INFO     Eyes Open. State: {'open': 1, 'lr': 0, 'left_eye_center': {'x': 543,
                                 'y': 312}}
2022-10-05 18:04:01,703 INFO     Eyes Open. State: {'open': 1, 'lr': 0, 'left_eye_center': {'x': 543,
                                 'y': 310}}
2022-10-05 18:04:01,703 INFO     Eyes Open. State: {'open': 1, 'lr': 0, 'left_eye_center': {'x': 543,
                                 'y': 310}}
2022-10-05 18:04:01,788 INFO     Eyes Open. State: {'open': 1, 'lr': 0, 'left_eye_center': {'x': 544,
                                 'y': 309}}
2022-10-05 18:04:01,788 INFO     Eyes Open. State: {'open': 1, 'lr': 0, 'left_eye_center': {'x': 544,
                                 'y': 309}}
2022-10-05 18:04:01,870 INFO     Eyes Open. State: {'open': 1, 'lr': 0, 'left_eye_center': {'x': 544,
                                 'y': 307}}
2022-10-05 18:04:01,870 INFO     Eyes Open. State: {'open': 1, 'lr': 0, 'left_eye_center': {'x': 544,
                                 'y': 307}}
2022-10-05 18:04:01,955 INFO     Eyes Open. State: {'open': 1, 'lr': 0, 'left_eye_center': {'x': 542,
                                 'y': 309}}
2022-10-05 18:04:01,955 INFO     Eyes Open. State: {'open': 1, 'lr': 0, 'left_eye_center': {'x': 542,
                                 'y': 309}}
2022-10-05 18:04:02,038 INFO     Eyes Open. State: {'open': 1, 'lr': 0, 'left_eye_center': {'x': 539,
                                 'y': 311}}
2022-10-05 18:04:02,038 INFO     Eyes Open. State: {'open': 1, 'lr': 0, 'left_eye_center': {'x': 539,
                                 'y': 311}}
2022-10-05 18:04:02,140 INFO     Eyes Open. State: {'open': 1, 'lr': 0, 'left_eye_center': {'x': 539,
                                 'y': 311}}
2022-10-05 18:04:02,140 INFO     Eyes Open. State: {'open': 1, 'lr': 0, 'left_eye_center': {'x': 539,
                                 'y': 311}}
2022-10-05 18:04:02,239 INFO     Eyes Open. State: {'open': 1, 'lr': 0, 'left_eye_center': {'x': 538,
                                 'y': 311}}
2022-10-05 18:04:02,239 INFO     Eyes Open. State: {'open': 1, 'lr': 0, 'left_eye_center': {'x': 538,
                                 'y': 311}}
2022-10-05 18:04:02,324 INFO     Eyes Open. State: {'open': 1, 'lr': 0, 'left_eye_center': {'x': 538,
                                 'y': 311}}
2022-10-05 18:04:02,324 INFO     Eyes Open. State: {'open': 1, 'lr': 0, 'left_eye_center': {'x': 538,
                                 'y': 311}}
2022-10-05 18:04:02,440 INFO     Eyes Open. State: {'open': 1, 'lr': 0, 'left_eye_center': {'x': 538,
                                 'y': 310}}
2022-10-05 18:04:02,440 INFO     Eyes Open. State: {'open': 1, 'lr': 0, 'left_eye_center': {'x': 538,
                                 'y': 310}}
2022-10-05 18:04:02,540 INFO     Eyes Open. State: {'open': 1, 'lr': 0, 'left_eye_center': {'x': 543,
                                 'y': 308}}
2022-10-05 18:04:02,540 INFO     Eyes Open. State: {'open': 1, 'lr': 0, 'left_eye_center': {'x': 543,
                                 'y': 308}}
2022-10-05 18:04:02,640 INFO     Eyes Open. State: {'open': 1, 'lr': 0, 'left_eye_center': {'x': 550,
                                 'y': 305}}
2022-10-05 18:04:02,640 INFO     Eyes Open. State: {'open': 1, 'lr': 0, 'left_eye_center': {'x': 550,
                                 'y': 305}}
2022-10-05 18:04:02,757 INFO     Eyes Open. State: {'open': 1, 'lr': 0, 'left_eye_center': {'x': 550,
                                 'y': 304}}
2022-10-05 18:04:02,757 INFO     Eyes Open. State: {'open': 1, 'lr': 0, 'left_eye_center': {'x': 550,
                                 'y': 304}}
2022-10-05 18:04:02,856 INFO     Eyes Open. State: {'open': 1, 'lr': 0, 'left_eye_center': {'x': 541,
                                 'y': 306}}
2022-10-05 18:04:02,856 INFO     Eyes Open. State: {'open': 1, 'lr': 0, 'left_eye_center': {'x': 541,
                                 'y': 306}}
2022-10-05 18:04:02,943 INFO     Eyes Open. State: {'open': 1, 'lr': 0, 'left_eye_center': {'x': 530,
                                 'y': 305}}
2022-10-05 18:04:02,943 INFO     Eyes Open. State: {'open': 1, 'lr': 0, 'left_eye_center': {'x': 530,
                                 'y': 305}}
2022-10-05 18:04:03,044 INFO     Eyes Open. State: {'open': 1, 'lr': 0, 'left_eye_center': {'x': 516,
                                 'y': 302}}
2022-10-05 18:04:03,044 INFO     Eyes Open. State: {'open': 1, 'lr': 0, 'left_eye_center': {'x': 516,
                                 'y': 302}}
2022-10-05 18:04:03,127 INFO     Eyes Open. State: {'open': 1, 'lr': 0, 'left_eye_center': {'x': 508,
                                 'y': 302}}
2022-10-05 18:04:03,127 INFO     Eyes Open. State: {'open': 1, 'lr': 0, 'left_eye_center': {'x': 508,
                                 'y': 302}}
2022-10-05 18:04:03,229 INFO     Eyes Open. State: {'open': 1, 'lr': 0, 'left_eye_center': {'x': 489,
                                 'y': 303}}
2022-10-05 18:04:03,229 INFO     Eyes Open. State: {'open': 1, 'lr': 0, 'left_eye_center': {'x': 489,
                                 'y': 303}}
2022-10-05 18:04:03,314 INFO     Eyes Open. State: {'open': 1, 'lr': 0, 'left_eye_center': {'x': 485,
                                 'y': 304}}
2022-10-05 18:04:03,314 INFO     Eyes Open. State: {'open': 1, 'lr': 0, 'left_eye_center': {'x': 485,
                                 'y': 304}}
2022-10-05 18:04:03,429 INFO     Eyes Open. State: {'open': 1, 'lr': 0, 'left_eye_center': {'x': 474,
                                 'y': 308}}
2022-10-05 18:04:03,429 INFO     Eyes Open. State: {'open': 1, 'lr': 0, 'left_eye_center': {'x': 474,
                                 'y': 308}}
2022-10-05 18:04:03,529 INFO     Eyes Open. State: {'open': 1, 'lr': 0, 'left_eye_center': {'x': 469,
                                 'y': 309}}
2022-10-05 18:04:03,529 INFO     Eyes Open. State: {'open': 1, 'lr': 0, 'left_eye_center': {'x': 469,
                                 'y': 309}}
2022-10-05 18:04:03,630 INFO     Eyes Open. State: {'open': 1, 'lr': 0, 'left_eye_center': {'x': 470,
                                 'y': 309}}
2022-10-05 18:04:03,630 INFO     Eyes Open. State: {'open': 1, 'lr': 0, 'left_eye_center': {'x': 470,
                                 'y': 309}}
2022-10-05 18:04:03,713 INFO     Eyes Open. State: {'open': 1, 'lr': 0, 'left_eye_center': {'x': 480,
                                 'y': 306}}
2022-10-05 18:04:03,713 INFO     Eyes Open. State: {'open': 1, 'lr': 0, 'left_eye_center': {'x': 480,
                                 'y': 306}}
2022-10-05 18:04:03,831 INFO     Eyes Open. State: {'open': 1, 'lr': 0, 'left_eye_center': {'x': 488,
                                 'y': 305}}
2022-10-05 18:04:03,831 INFO     Eyes Open. State: {'open': 1, 'lr': 0, 'left_eye_center': {'x': 488,
                                 'y': 305}}
2022-10-05 18:04:03,914 INFO     Eyes Open. State: {'open': 1, 'lr': 0, 'left_eye_center': {'x': 489,
                                 'y': 305}}
2022-10-05 18:04:03,914 INFO     Eyes Open. State: {'open': 1, 'lr': 0, 'left_eye_center': {'x': 489,
                                 'y': 305}}
2022-10-05 18:04:03,996 INFO     Eyes Open. State: {'open': 1, 'lr': 0, 'left_eye_center': {'x': 493,
                                 'y': 304}}
2022-10-05 18:04:03,996 INFO     Eyes Open. State: {'open': 1, 'lr': 0, 'left_eye_center': {'x': 493,
                                 'y': 304}}
2022-10-05 18:04:04,112 INFO     Eyes Open. State: {'open': 1, 'lr': 0, 'left_eye_center': {'x': 494,
                                 'y': 304}}
2022-10-05 18:04:04,112 INFO     Eyes Open. State: {'open': 1, 'lr': 0, 'left_eye_center': {'x': 494,
                                 'y': 304}}
2022-10-05 18:04:04,218 INFO     Eyes Open. State: {'open': 1, 'lr': 0, 'left_eye_center': {'x': 496,
                                 'y': 303}}
2022-10-05 18:04:04,218 INFO     Eyes Open. State: {'open': 1, 'lr': 0, 'left_eye_center': {'x': 496,
                                 'y': 303}}
2022-10-05 18:04:04,302 INFO     Eyes Open. State: {'open': 1, 'lr': 0, 'left_eye_center': {'x': 496,
                                 'y': 304}}
2022-10-05 18:04:04,302 INFO     Eyes Open. State: {'open': 1, 'lr': 0, 'left_eye_center': {'x': 496,
                                 'y': 304}}
2022-10-05 18:04:04,397 INFO     Eyes Open. State: {'open': 1, 'lr': 0, 'left_eye_center': {'x': 493,
                                 'y': 306}}
2022-10-05 18:04:04,397 INFO     Eyes Open. State: {'open': 1, 'lr': 0, 'left_eye_center': {'x': 493,
                                 'y': 306}}
2022-10-05 18:04:04,490 INFO     Eyes Open. State: {'open': 1, 'lr': 0, 'left_eye_center': {'x': 483,
                                 'y': 310}}
2022-10-05 18:04:04,491 INFO     Eyes Open. State: {'open': 1, 'lr': 0, 'left_eye_center': {'x': 483,
                                 'y': 310}}
2022-10-05 18:04:04,613 INFO     Eyes Open. State: {'open': 1, 'lr': 0, 'left_eye_center': {'x': 484,
                                 'y': 311}}
2022-10-05 18:04:04,613 INFO     Eyes Open. State: {'open': 1, 'lr': 0, 'left_eye_center': {'x': 484,
                                 'y': 311}}
2022-10-05 18:04:04,739 INFO     Eyes Open. State: {'open': 1, 'lr': 0, 'left_eye_center': {'x': 484,
                                 'y': 311}}
2022-10-05 18:04:04,739 INFO     Eyes Open. State: {'open': 1, 'lr': 0, 'left_eye_center': {'x': 484,
                                 'y': 311}}
2022-10-05 18:04:04,851 INFO     Eyes Open. State: {'open': 1, 'lr': 0, 'left_eye_center': {'x': 483,
                                 'y': 312}}
2022-10-05 18:04:04,851 INFO     Eyes Open. State: {'open': 1, 'lr': 0, 'left_eye_center': {'x': 483,
                                 'y': 312}}
2022-10-05 18:04:04,933 INFO     Eyes Open. State: {'open': 1, 'lr': 0, 'left_eye_center': {'x': 484,
                                 'y': 320}}
2022-10-05 18:04:04,949 INFO     Eyes Closed. State: {'open': 0, 'lr': 0, 'left_eye_center': {'x': 484,
                                 'y': 320}}
2022-10-05 18:04:05,034 INFO     Eyes Closed. State: {'open': 0, 'lr': 0, 'left_eye_center': {'x': 485,
                                 'y': 317}}
2022-10-05 18:04:05,034 INFO     Eyes Open. State: {'open': 1, 'lr': 0, 'left_eye_center': {'x': 485,
                                 'y': 317}}
2022-10-05 18:04:05,120 INFO     Eyes Open. State: {'open': 1, 'lr': 0, 'left_eye_center': {'x': 483,
                                 'y': 320}}
2022-10-05 18:04:05,120 INFO     Eyes Closed. State: {'open': 0, 'lr': 0, 'left_eye_center': {'x': 483,
                                 'y': 320}}
2022-10-05 18:04:05,239 INFO     Eyes Closed. State: {'open': 0, 'lr': 0, 'left_eye_center': {'x': 483,
                                 'y': 315}}
2022-10-05 18:04:05,241 INFO     Eyes Open. State: {'open': 1, 'lr': 0, 'left_eye_center': {'x': 483,
                                 'y': 315}}
2022-10-05 18:04:05,319 INFO     Eyes Open. State: {'open': 1, 'lr': 0, 'left_eye_center': {'x': 481,
                                 'y': 315}}
2022-10-05 18:04:05,319 INFO     Eyes Open. State: {'open': 1, 'lr': 0, 'left_eye_center': {'x': 481,
                                 'y': 315}}
2022-10-05 18:04:05,426 INFO     Eyes Open. State: {'open': 1, 'lr': 0, 'left_eye_center': {'x': 480,
                                 'y': 316}}
2022-10-05 18:04:05,427 INFO     Eyes Open. State: {'open': 1, 'lr': 0, 'left_eye_center': {'x': 480,
                                 'y': 316}}
2022-10-05 18:04:05,507 INFO     Eyes Open. State: {'open': 1, 'lr': 0, 'left_eye_center': {'x': 484,
                                 'y': 315}}
2022-10-05 18:04:05,507 INFO     Eyes Open. State: {'open': 1, 'lr': 0, 'left_eye_center': {'x': 484,
                                 'y': 315}}
2022-10-05 18:04:05,604 INFO     Eyes Open. State: {'open': 1, 'lr': 0, 'left_eye_center': {'x': 484,
                                 'y': 314}}
2022-10-05 18:04:05,604 INFO     Eyes Open. State: {'open': 1, 'lr': 0, 'left_eye_center': {'x': 484,
                                 'y': 314}}
2022-10-05 18:04:05,697 INFO     Eyes Open. State: {'open': 1, 'lr': 0, 'left_eye_center': {'x': 498,
                                 'y': 303}}
2022-10-05 18:04:05,697 INFO     Eyes Open. State: {'open': 1, 'lr': 0, 'left_eye_center': {'x': 498,
                                 'y': 303}}
2022-10-05 18:04:05,791 INFO     Eyes Open. State: {'open': 1, 'lr': 0, 'left_eye_center': {'x': 503,
                                 'y': 301}}
2022-10-05 18:04:05,791 INFO     Eyes Open. State: {'open': 1, 'lr': 0, 'left_eye_center': {'x': 503,
                                 'y': 301}}
2022-10-05 18:04:05,888 INFO     Eyes Open. State: {'open': 1, 'lr': 0, 'left_eye_center': {'x': 516,
                                 'y': 299}}
2022-10-05 18:04:05,889 INFO     Eyes Open. State: {'open': 1, 'lr': 0, 'left_eye_center': {'x': 516,
                                 'y': 299}}
2022-10-05 18:04:05,982 INFO     Eyes Open. State: {'open': 1, 'lr': 0, 'left_eye_center': {'x': 524,
                                 'y': 302}}
2022-10-05 18:04:05,982 INFO     Eyes Open. State: {'open': 1, 'lr': 0, 'left_eye_center': {'x': 524,
                                 'y': 302}}
2022-10-05 18:04:06,073 INFO     Eyes Open. State: {'open': 1, 'lr': 0, 'left_eye_center': {'x': 526,
                                 'y': 303}}
2022-10-05 18:04:06,073 INFO     Eyes Open. State: {'open': 1, 'lr': 0, 'left_eye_center': {'x': 526,
                                 'y': 303}}
2022-10-05 18:04:06,154 INFO     Eyes Open. State: {'open': 1, 'lr': 0, 'left_eye_center': {'x': 531,
                                 'y': 308}}
2022-10-05 18:04:06,155 INFO     Eyes Open. State: {'open': 1, 'lr': 0, 'left_eye_center': {'x': 531,
                                 'y': 308}}
2022-10-05 18:04:06,264 INFO     Eyes Open. State: {'open': 1, 'lr': 0, 'left_eye_center': {'x': 532,
                                 'y': 309}}
2022-10-05 18:04:06,265 INFO     Eyes Open. State: {'open': 1, 'lr': 0, 'left_eye_center': {'x': 532,
                                 'y': 309}}
2022-10-05 18:04:06,359 INFO     Eyes Open. State: {'open': 1, 'lr': 0, 'left_eye_center': {'x': 532,
                                 'y': 311}}
2022-10-05 18:04:06,359 INFO     Eyes Open. State: {'open': 1, 'lr': 0, 'left_eye_center': {'x': 532,
                                 'y': 311}}
2022-10-05 18:04:06,466 INFO     Eyes Open. State: {'open': 1, 'lr': 0, 'left_eye_center': {'x': 527,
                                 'y': 312}}
2022-10-05 18:04:06,466 INFO     Eyes Open. State: {'open': 1, 'lr': 0, 'left_eye_center': {'x': 527,
                                 'y': 312}}
2022-10-05 18:04:06,554 INFO     Eyes Open. State: {'open': 1, 'lr': 0, 'left_eye_center': {'x': 519,
                                 'y': 313}}
2022-10-05 18:04:06,554 INFO     Eyes Open. State: {'open': 1, 'lr': 0, 'left_eye_center': {'x': 519,
                                 'y': 313}}
2022-10-05 18:04:06,657 INFO     Eyes Open. State: {'open': 1, 'lr': 0, 'left_eye_center': {'x': 518,
                                 'y': 313}}
2022-10-05 18:04:06,657 INFO     Eyes Open. State: {'open': 1, 'lr': 0, 'left_eye_center': {'x': 518,
                                 'y': 313}}
2022-10-05 18:04:06,784 INFO     Eyes Open. State: {'open': 1, 'lr': 0, 'left_eye_center': {'x': 511,
                                 'y': 313}}
2022-10-05 18:04:06,784 INFO     Eyes Open. State: {'open': 1, 'lr': 0, 'left_eye_center': {'x': 511,
                                 'y': 313}}
2022-10-05 18:04:06,884 INFO     Eyes Open. State: {'open': 1, 'lr': 0, 'left_eye_center': {'x': 504,
                                 'y': 309}}
2022-10-05 18:04:06,884 INFO     Eyes Open. State: {'open': 1, 'lr': 0, 'left_eye_center': {'x': 504,
                                 'y': 309}}
2022-10-05 18:04:06,992 INFO     Eyes Open. State: {'open': 1, 'lr': 0, 'left_eye_center': {'x': 502,
                                 'y': 310}}
2022-10-05 18:04:06,993 INFO     Eyes Open. State: {'open': 1, 'lr': 0, 'left_eye_center': {'x': 502,
                                 'y': 310}}
2022-10-05 18:04:07,080 INFO     Eyes Open. State: {'open': 1, 'lr': 0, 'left_eye_center': {'x': 497,
                                 'y': 308}}
2022-10-05 18:04:07,080 INFO     Eyes Open. State: {'open': 1, 'lr': 0, 'left_eye_center': {'x': 497,
                                 'y': 308}}
2022-10-05 18:04:07,169 INFO     Eyes Open. State: {'open': 1, 'lr': 0, 'left_eye_center': {'x': 492,
                                 'y': 308}}
2022-10-05 18:04:07,169 INFO     Eyes Open. State: {'open': 1, 'lr': 0, 'left_eye_center': {'x': 492,
                                 'y': 308}}
2022-10-05 18:04:07,278 INFO     Eyes Open. State: {'open': 1, 'lr': 0, 'left_eye_center': {'x': 492,
                                 'y': 308}}
2022-10-05 18:04:07,278 INFO     Eyes Open. State: {'open': 1, 'lr': 0, 'left_eye_center': {'x': 492,
                                 'y': 308}}
2022-10-05 18:04:07,361 INFO     Eyes Open. State: {'open': 1, 'lr': 0, 'left_eye_center': {'x': 489,
                                 'y': 307}}
2022-10-05 18:04:07,362 INFO     Eyes Open. State: {'open': 1, 'lr': 0, 'left_eye_center': {'x': 489,
                                 'y': 307}}
2022-10-05 18:04:07,463 INFO     Eyes Open. State: {'open': 1, 'lr': 0, 'left_eye_center': {'x': 488,
                                 'y': 307}}
2022-10-05 18:04:07,463 INFO     Eyes Open. State: {'open': 1, 'lr': 0, 'left_eye_center': {'x': 488,
                                 'y': 307}}
2022-10-05 18:04:07,551 INFO     Eyes Open. State: {'open': 1, 'lr': 0, 'left_eye_center': {'x': 487,
                                 'y': 307}}
2022-10-05 18:04:07,551 INFO     Eyes Open. State: {'open': 1, 'lr': 0, 'left_eye_center': {'x': 487,
                                 'y': 307}}
2022-10-05 18:04:07,641 INFO     Eyes Open. State: {'open': 1, 'lr': 0, 'left_eye_center': {'x': 486,
                                 'y': 306}}
2022-10-05 18:04:07,641 INFO     Eyes Open. State: {'open': 1, 'lr': 0, 'left_eye_center': {'x': 486,
                                 'y': 306}}
2022-10-05 18:04:07,753 INFO     Eyes Open. State: {'open': 1, 'lr': 0, 'left_eye_center': {'x': 486,
                                 'y': 307}}
2022-10-05 18:04:07,753 INFO     Eyes Open. State: {'open': 1, 'lr': 0, 'left_eye_center': {'x': 486,
                                 'y': 307}}
2022-10-05 18:04:07,858 INFO     Eyes Open. State: {'open': 1, 'lr': 0, 'left_eye_center': {'x': 497,
                                 'y': 305}}
2022-10-05 18:04:07,858 INFO     Eyes Open. State: {'open': 1, 'lr': 0, 'left_eye_center': {'x': 497,
                                 'y': 305}}
2022-10-05 18:04:07,936 INFO     Eyes Open. State: {'open': 1, 'lr': 0, 'left_eye_center': {'x': 507,
                                 'y': 306}}
2022-10-05 18:04:07,937 INFO     Eyes Open. State: {'open': 1, 'lr': 0, 'left_eye_center': {'x': 507,
                                 'y': 306}}
2022-10-05 18:04:08,050 INFO     Eyes Open. State: {'open': 1, 'lr': 0, 'left_eye_center': {'x': 506,
                                 'y': 306}}
2022-10-05 18:04:08,050 INFO     Eyes Open. State: {'open': 1, 'lr': 0, 'left_eye_center': {'x': 506,
                                 'y': 306}}
2022-10-05 18:04:08,156 INFO     Eyes Open. State: {'open': 1, 'lr': 0, 'left_eye_center': {'x': 492,
                                 'y': 316}}
2022-10-05 18:04:08,156 INFO     Eyes Open. State: {'open': 1, 'lr': 0, 'left_eye_center': {'x': 492,
                                 'y': 316}}
2022-10-05 18:04:08,243 INFO     Eyes Open. State: {'open': 1, 'lr': 0, 'left_eye_center': {'x': 486,
                                 'y': 321}}
2022-10-05 18:04:08,243 INFO     Eyes Closed. State: {'open': 0, 'lr': 0, 'left_eye_center': {'x': 486,
                                 'y': 321}}
2022-10-05 18:04:08,326 INFO     Eyes Closed. State: {'open': 0, 'lr': 0, 'left_eye_center': {'x': 487,
                                 'y': 320}}
2022-10-05 18:04:08,326 INFO     Eyes Closed. State: {'open': 0, 'lr': 0, 'left_eye_center': {'x': 487,
                                 'y': 320}}
2022-10-05 18:04:08,423 INFO     Eyes Closed. State: {'open': 0, 'lr': 0, 'left_eye_center': {'x': 488,
                                 'y': 318}}
2022-10-05 18:04:08,423 INFO     Eyes Closed. State: {'open': 0, 'lr': 0, 'left_eye_center': {'x': 488,
                                 'y': 318}}
2022-10-05 18:04:08,542 INFO     Eyes Closed. State: {'open': 0, 'lr': 0, 'left_eye_center': {'x': 488,
                                 'y': 310}}
2022-10-05 18:04:08,542 INFO     Eyes Open. State: {'open': 1, 'lr': 0, 'left_eye_center': {'x': 488,
                                 'y': 310}}
2022-10-05 18:04:08,644 INFO     Eyes Open. State: {'open': 1, 'lr': 0, 'left_eye_center': {'x': 489,
                                 'y': 310}}
2022-10-05 18:04:08,644 INFO     Eyes Open. State: {'open': 1, 'lr': 0, 'left_eye_center': {'x': 489,
                                 'y': 310}}
2022-10-05 18:04:08,777 INFO     Eyes Open. State: {'open': 1, 'lr': 0, 'left_eye_center': {'x': 488,
                                 'y': 310}}
2022-10-05 18:04:08,777 INFO     Eyes Open. State: {'open': 1, 'lr': 0, 'left_eye_center': {'x': 488,
                                 'y': 310}}
2022-10-05 18:04:08,877 INFO     Eyes Open. State: {'open': 1, 'lr': 0, 'left_eye_center': {'x': 487,
                                 'y': 309}}
2022-10-05 18:04:08,877 INFO     Eyes Open. State: {'open': 1, 'lr': 0, 'left_eye_center': {'x': 487,
                                 'y': 309}}
2022-10-05 18:04:08,961 INFO     Eyes Open. State: {'open': 1, 'lr': 0, 'left_eye_center': {'x': 487,
                                 'y': 310}}
2022-10-05 18:04:08,961 INFO     Eyes Open. State: {'open': 1, 'lr': 0, 'left_eye_center': {'x': 487,
                                 'y': 310}}
2022-10-05 18:04:09,062 INFO     Eyes Open. State: {'open': 1, 'lr': 0, 'left_eye_center': {'x': 487,
                                 'y': 310}}
2022-10-05 18:04:09,062 INFO     Eyes Open. State: {'open': 1, 'lr': 0, 'left_eye_center': {'x': 487,
                                 'y': 310}}
2022-10-05 18:04:09,162 INFO     Eyes Open. State: {'open': 1, 'lr': 0, 'left_eye_center': {'x': 487,
                                 'y': 309}}
2022-10-05 18:04:09,162 INFO     Eyes Open. State: {'open': 1, 'lr': 0, 'left_eye_center': {'x': 487,
                                 'y': 309}}
2022-10-05 18:04:09,279 INFO     Eyes Open. State: {'open': 1, 'lr': 0, 'left_eye_center': {'x': 488,
                                 'y': 309}}
2022-10-05 18:04:09,279 INFO     Eyes Open. State: {'open': 1, 'lr': 0, 'left_eye_center': {'x': 488,
                                 'y': 309}}
2022-10-05 18:04:09,394 INFO     Eyes Open. State: {'open': 1, 'lr': 0, 'left_eye_center': {'x': 488,
                                 'y': 309}}
2022-10-05 18:04:09,394 INFO     Eyes Open. State: {'open': 1, 'lr': 0, 'left_eye_center': {'x': 488,
                                 'y': 309}}
2022-10-05 18:04:09,513 INFO     Eyes Open. State: {'open': 1, 'lr': 0, 'left_eye_center': {'x': 488,
                                 'y': 310}}
2022-10-05 18:04:09,513 INFO     Eyes Open. State: {'open': 1, 'lr': 0, 'left_eye_center': {'x': 488,
                                 'y': 310}}
2022-10-05 18:04:09,649 INFO     Eyes Open. State: {'open': 1, 'lr': 0, 'left_eye_center': {'x': 492,
                                 'y': 307}}
2022-10-05 18:04:09,649 INFO     Eyes Open. State: {'open': 1, 'lr': 0, 'left_eye_center': {'x': 492,
                                 'y': 307}}
2022-10-05 18:04:09,732 INFO     Eyes Open. State: {'open': 1, 'lr': 0, 'left_eye_center': {'x': 491,
                                 'y': 307}}
2022-10-05 18:04:09,732 INFO     Eyes Open. State: {'open': 1, 'lr': 0, 'left_eye_center': {'x': 491,
                                 'y': 307}}
2022-10-05 18:04:09,814 INFO     Eyes Open. State: {'open': 1, 'lr': 0, 'left_eye_center': {'x': 491,
                                 'y': 303}}
2022-10-05 18:04:09,814 INFO     Eyes Open. State: {'open': 1, 'lr': 0, 'left_eye_center': {'x': 491,
                                 'y': 303}}
2022-10-05 18:04:09,929 INFO     Eyes Open. State: {'open': 1, 'lr': 0, 'left_eye_center': {'x': 491,
                                 'y': 303}}
2022-10-05 18:04:09,929 INFO     Eyes Open. State: {'open': 1, 'lr': 0, 'left_eye_center': {'x': 491,
                                 'y': 303}}
2022-10-05 18:04:10,025 INFO     Eyes Open. State: {'open': 1, 'lr': 0, 'left_eye_center': {'x': 486,
                                 'y': 307}}
2022-10-05 18:04:10,026 INFO     Eyes Open. State: {'open': 1, 'lr': 0, 'left_eye_center': {'x': 486,
                                 'y': 307}}
2022-10-05 18:04:10,118 INFO     Eyes Open. State: {'open': 1, 'lr': 0, 'left_eye_center': {'x': 485,
                                 'y': 310}}
2022-10-05 18:04:10,119 INFO     Eyes Open. State: {'open': 1, 'lr': 0, 'left_eye_center': {'x': 485,
                                 'y': 310}}
2022-10-05 18:04:10,212 INFO     Eyes Open. State: {'open': 1, 'lr': 0, 'left_eye_center': {'x': 484,
                                 'y': 309}}
2022-10-05 18:04:10,212 INFO     Eyes Open. State: {'open': 1, 'lr': 0, 'left_eye_center': {'x': 484,
                                 'y': 309}}
2022-10-05 18:04:10,304 INFO     Eyes Open. State: {'open': 1, 'lr': 0, 'left_eye_center': {'x': 483,
                                 'y': 309}}
2022-10-05 18:04:10,304 INFO     Eyes Open. State: {'open': 1, 'lr': 0, 'left_eye_center': {'x': 483,
                                 'y': 309}}
2022-10-05 18:04:10,420 INFO     Eyes Open. State: {'open': 1, 'lr': 0, 'left_eye_center': {'x': 483,
                                 'y': 310}}
2022-10-05 18:04:10,421 INFO     Eyes Open. State: {'open': 1, 'lr': 0, 'left_eye_center': {'x': 483,
                                 'y': 310}}
2022-10-05 18:04:10,524 INFO     Eyes Open. State: {'open': 1, 'lr': 0, 'left_eye_center': {'x': 482,
                                 'y': 311}}
2022-10-05 18:04:10,525 INFO     Eyes Open. State: {'open': 1, 'lr': 0, 'left_eye_center': {'x': 482,
                                 'y': 311}}
2022-10-05 18:04:10,624 INFO     Eyes Open. State: {'open': 1, 'lr': 0, 'left_eye_center': {'x': 483,
                                 'y': 314}}
2022-10-05 18:04:10,625 INFO     Eyes Open. State: {'open': 1, 'lr': 0, 'left_eye_center': {'x': 483,
                                 'y': 314}}
2022-10-05 18:04:10,729 INFO     Eyes Open. State: {'open': 1, 'lr': 0, 'left_eye_center': {'x': 484,
                                 'y': 316}}
2022-10-05 18:04:10,729 INFO     Eyes Open. State: {'open': 1, 'lr': 0, 'left_eye_center': {'x': 484,
                                 'y': 316}}
2022-10-05 18:04:10,832 INFO     Eyes Open. State: {'open': 1, 'lr': 0, 'left_eye_center': {'x': 483,
                                 'y': 318}}
2022-10-05 18:04:10,833 INFO     Eyes Closed. State: {'open': 0, 'lr': 0, 'left_eye_center': {'x': 483,
                                 'y': 318}}
2022-10-05 18:04:10,927 INFO     Eyes Closed. State: {'open': 0, 'lr': 0, 'left_eye_center': {'x': 482,
                                 'y': 314}}
2022-10-05 18:04:10,928 INFO     Eyes Open. State: {'open': 1, 'lr': 0, 'left_eye_center': {'x': 482,
                                 'y': 314}}
2022-10-05 18:04:11,021 INFO     Eyes Open. State: {'open': 1, 'lr': 0, 'left_eye_center': {'x': 481,
                                 'y': 313}}
2022-10-05 18:04:11,021 INFO     Eyes Open. State: {'open': 1, 'lr': 0, 'left_eye_center': {'x': 481,
                                 'y': 313}}
2022-10-05 18:04:11,116 INFO     Eyes Open. State: {'open': 1, 'lr': 0, 'left_eye_center': {'x': 482,
                                 'y': 313}}
2022-10-05 18:04:11,117 INFO     Eyes Open. State: {'open': 1, 'lr': 0, 'left_eye_center': {'x': 482,
                                 'y': 313}}
2022-10-05 18:04:11,215 INFO     Eyes Open. State: {'open': 1, 'lr': 0, 'left_eye_center': {'x': 482,
                                 'y': 312}}
2022-10-05 18:04:11,216 INFO     Eyes Open. State: {'open': 1, 'lr': 0, 'left_eye_center': {'x': 482,
                                 'y': 312}}
2022-10-05 18:04:11,304 INFO     Eyes Open. State: {'open': 1, 'lr': 0, 'left_eye_center': {'x': 482,
                                 'y': 312}}
2022-10-05 18:04:11,304 INFO     Eyes Open. State: {'open': 1, 'lr': 0, 'left_eye_center': {'x': 482,
                                 'y': 312}}
2022-10-05 18:04:11,398 INFO     Eyes Open. State: {'open': 1, 'lr': 0, 'left_eye_center': {'x': 482,
                                 'y': 311}}
2022-10-05 18:04:11,399 INFO     Eyes Open. State: {'open': 1, 'lr': 0, 'left_eye_center': {'x': 482,
                                 'y': 311}}
2022-10-05 18:04:11,501 INFO     Eyes Open. State: {'open': 1, 'lr': 0, 'left_eye_center': {'x': 482,
                                 'y': 311}}
2022-10-05 18:04:11,501 INFO     Eyes Open. State: {'open': 1, 'lr': 0, 'left_eye_center': {'x': 482,
                                 'y': 311}}
2022-10-05 18:04:11,587 INFO     Eyes Open. State: {'open': 1, 'lr': 0, 'left_eye_center': {'x': 481,
                                 'y': 313}}
2022-10-05 18:04:11,588 INFO     Eyes Open. State: {'open': 1, 'lr': 0, 'left_eye_center': {'x': 481,
                                 'y': 313}}
2022-10-05 18:04:11,686 INFO     Eyes Open. State: {'open': 1, 'lr': 0, 'left_eye_center': {'x': 481,
                                 'y': 312}}
2022-10-05 18:04:11,687 INFO     Eyes Open. State: {'open': 1, 'lr': 0, 'left_eye_center': {'x': 481,
                                 'y': 312}}
2022-10-05 18:04:11,790 INFO     Eyes Open. State: {'open': 1, 'lr': 0, 'left_eye_center': {'x': 482,
                                 'y': 314}}
2022-10-05 18:04:11,790 INFO     Eyes Open. State: {'open': 1, 'lr': 0, 'left_eye_center': {'x': 482,
                                 'y': 314}}
2022-10-05 18:04:11,911 INFO     Eyes Open. State: {'open': 1, 'lr': 0, 'left_eye_center': {'x': 482,
                                 'y': 313}}
2022-10-05 18:04:11,911 INFO     Eyes Open. State: {'open': 1, 'lr': 0, 'left_eye_center': {'x': 482,
                                 'y': 313}}
2022-10-05 18:04:11,994 INFO     Eyes Open. State: {'open': 1, 'lr': 0, 'left_eye_center': {'x': 480,
                                 'y': 312}}
2022-10-05 18:04:11,994 INFO     Eyes Open. State: {'open': 1, 'lr': 0, 'left_eye_center': {'x': 480,
                                 'y': 312}}
2022-10-05 18:04:12,099 INFO     Eyes Open. State: {'open': 1, 'lr': 0, 'left_eye_center': {'x': 480,
                                 'y': 312}}
2022-10-05 18:04:12,099 INFO     Eyes Open. State: {'open': 1, 'lr': 0, 'left_eye_center': {'x': 480,
                                 'y': 312}}
2022-10-05 18:04:12,194 INFO     Eyes Open. State: {'open': 1, 'lr': 0, 'left_eye_center': {'x': 481,
                                 'y': 312}}
2022-10-05 18:04:12,194 INFO     Eyes Open. State: {'open': 1, 'lr': 0, 'left_eye_center': {'x': 481,
                                 'y': 312}}
2022-10-05 18:04:12,288 INFO     Eyes Open. State: {'open': 1, 'lr': 0, 'left_eye_center': {'x': 485,
                                 'y': 312}}
2022-10-05 18:04:12,288 INFO     Eyes Open. State: {'open': 1, 'lr': 0, 'left_eye_center': {'x': 485,
                                 'y': 312}}
2022-10-05 18:04:12,398 INFO     Eyes Open. State: {'open': 1, 'lr': 0, 'left_eye_center': {'x': 486,
                                 'y': 312}}
2022-10-05 18:04:12,399 INFO     Eyes Open. State: {'open': 1, 'lr': 0, 'left_eye_center': {'x': 486,
                                 'y': 312}}
2022-10-05 18:04:12,492 INFO     Eyes Open. State: {'open': 1, 'lr': 0, 'left_eye_center': {'x': 487,
                                 'y': 312}}
2022-10-05 18:04:12,492 INFO     Eyes Open. State: {'open': 1, 'lr': 0, 'left_eye_center': {'x': 487,
                                 'y': 312}}
2022-10-05 18:04:12,583 INFO     Eyes Open. State: {'open': 1, 'lr': 0, 'left_eye_center': {'x': 488,
                                 'y': 309}}
2022-10-05 18:04:12,583 INFO     Eyes Open. State: {'open': 1, 'lr': 0, 'left_eye_center': {'x': 488,
                                 'y': 309}}
2022-10-05 18:04:12,699 INFO     Eyes Open. State: {'open': 1, 'lr': 0, 'left_eye_center': {'x': 489,
                                 'y': 310}}
2022-10-05 18:04:12,699 INFO     Eyes Open. State: {'open': 1, 'lr': 0, 'left_eye_center': {'x': 489,
                                 'y': 310}}
2022-10-05 18:04:12,791 INFO     Eyes Open. State: {'open': 1, 'lr': 0, 'left_eye_center': {'x': 488,
                                 'y': 310}}
2022-10-05 18:04:12,792 INFO     Eyes Open. State: {'open': 1, 'lr': 0, 'left_eye_center': {'x': 488,
                                 'y': 310}}
2022-10-05 18:04:12,872 INFO     Eyes Open. State: {'open': 1, 'lr': 0, 'left_eye_center': {'x': 483,
                                 'y': 313}}
2022-10-05 18:04:12,873 INFO     Eyes Open. State: {'open': 1, 'lr': 0, 'left_eye_center': {'x': 483,
                                 'y': 313}}
2022-10-05 18:04:12,971 INFO     Eyes Open. State: {'open': 1, 'lr': 0, 'left_eye_center': {'x': 482,
                                 'y': 313}}
2022-10-05 18:04:12,971 INFO     Eyes Open. State: {'open': 1, 'lr': 0, 'left_eye_center': {'x': 482,
                                 'y': 313}}
2022-10-05 18:04:13,055 INFO     Eyes Open. State: {'open': 1, 'lr': 0, 'left_eye_center': {'x': 477,
                                 'y': 313}}
2022-10-05 18:04:13,055 INFO     Eyes Open. State: {'open': 1, 'lr': 0, 'left_eye_center': {'x': 477,
                                 'y': 313}}
2022-10-05 18:04:13,142 INFO     Eyes Open. State: {'open': 1, 'lr': 0, 'left_eye_center': {'x': 475,
                                 'y': 313}}
2022-10-05 18:04:13,142 INFO     Eyes Open. State: {'open': 1, 'lr': 0, 'left_eye_center': {'x': 475,
                                 'y': 313}}
2022-10-05 18:04:13,244 INFO     Eyes Open. State: {'open': 1, 'lr': 0, 'left_eye_center': {'x': 471,
                                 'y': 311}}
2022-10-05 18:04:13,244 INFO     Eyes Open. State: {'open': 1, 'lr': 0, 'left_eye_center': {'x': 471,
                                 'y': 311}}
2022-10-05 18:04:13,331 INFO     Eyes Open. State: {'open': 1, 'lr': 0, 'left_eye_center': {'x': 462,
                                 'y': 312}}
2022-10-05 18:04:13,331 INFO     Eyes Open. State: {'open': 1, 'lr': 0, 'left_eye_center': {'x': 462,
                                 'y': 312}}
2022-10-05 18:04:13,444 INFO     Eyes Open. State: {'open': 1, 'lr': 0, 'left_eye_center': {'x': 460,
                                 'y': 312}}
2022-10-05 18:04:13,445 INFO     Eyes Open. State: {'open': 1, 'lr': 0, 'left_eye_center': {'x': 460,
                                 'y': 312}}
2022-10-05 18:04:13,551 INFO     Eyes Open. State: {'open': 1, 'lr': 0, 'left_eye_center': {'x': 455,
                                 'y': 313}}
2022-10-05 18:04:13,552 INFO     Eyes Open. State: {'open': 1, 'lr': 0, 'left_eye_center': {'x': 455,
                                 'y': 313}}
2022-10-05 18:04:13,643 INFO     Eyes Open. State: {'open': 1, 'lr': 0, 'left_eye_center': {'x': 452,
                                 'y': 315}}
2022-10-05 18:04:13,643 INFO     Eyes Open. State: {'open': 1, 'lr': 0, 'left_eye_center': {'x': 452,
                                 'y': 315}}
2022-10-05 18:04:13,757 INFO     Eyes Open. State: {'open': 1, 'lr': 0, 'left_eye_center': {'x': 451,
                                 'y': 315}}
2022-10-05 18:04:13,757 INFO     Eyes Open. State: {'open': 1, 'lr': 0, 'left_eye_center': {'x': 451,
                                 'y': 315}}
2022-10-05 18:04:13,868 INFO     Eyes Open. State: {'open': 1, 'lr': 0, 'left_eye_center': {'x': 449,
                                 'y': 315}}
2022-10-05 18:04:13,868 INFO     Eyes Open. State: {'open': 1, 'lr': 0, 'left_eye_center': {'x': 449,
                                 'y': 315}}
